[      51ms] [INFO] %cDownload the React DevTools for a better development experience: https://react.dev/link/react-devtools font-weight:bold @ http://localhost:5199/node_modules/.vite/deps/react-dom_client.js?v=117172e7:20102
[      80ms] [LOG] useGoalsData goal 24 @ http://localhost:5199/src/hooks/useGoalsData.ts:12
[      80ms] [LOG] useGoalsData goal 24 @ http://localhost:5199/src/hooks/useGoalsData.ts:12
[     141ms] [LOG] [Supabase] Connexion OK — livres récupérés : [] @ http://localhost:5199/src/supabase-client.ts:9
[  344955ms] [ERROR] WebSocket connection to 'ws://localhost:5199/?token=YoKFA0YxZMet' failed:  @ http://localhost:5199/@vite/client:801
[  344956ms] [LOG] [vite] server connection lost. Polling for restart... @ http://localhost:5199/@vite/client:963
[  344981ms] [ERROR] WebSocket connection to 'ws://localhost:5199/' failed: Error in connection establishment: net::ERR_CONNECTION_REFUSED @ http://localhost:5199/@vite/client:1034
[  345984ms] [ERROR] WebSocket connection to 'ws://localhost:5199/' failed: Error in connection establishment: net::ERR_CONNECTION_REFUSED @ http://localhost:5199/@vite/client:1034
[  346987ms] [ERROR] WebSocket connection to 'ws://localhost:5199/' failed: Error in connection establishment: net::ERR_CONNECTION_REFUSED @ http://localhost:5199/@vite/client:1034
[  347990ms] [ERROR] WebSocket connection to 'ws://localhost:5199/' failed: Error in connection establishment: net::ERR_CONNECTION_REFUSED @ http://localhost:5199/@vite/client:1034
[  348994ms] [ERROR] WebSocket connection to 'ws://localhost:5199/' failed: Error in connection establishment: net::ERR_CONNECTION_REFUSED @ http://localhost:5199/@vite/client:1034
[  350002ms] [ERROR] WebSocket connection to 'ws://localhost:5199/' failed: Error in connection establishment: net::ERR_CONNECTION_REFUSED @ http://localhost:5199/@vite/client:1034
[  351008ms] [ERROR] WebSocket connection to 'ws://localhost:5199/' failed: Error in connection establishment: net::ERR_CONNECTION_REFUSED @ http://localhost:5199/@vite/client:1034
[  352029ms] [ERROR] WebSocket connection to 'ws://localhost:5199/' failed: Error in connection establishment: net::ERR_CONNECTION_REFUSED @ http://localhost:5199/@vite/client:1034
[  353059ms] [ERROR] WebSocket connection to 'ws://localhost:5199/' failed: Error in connection establishment: net::ERR_CONNECTION_REFUSED @ http://localhost:5199/@vite/client:1034
[  354099ms] [ERROR] WebSocket connection to 'ws://localhost:5199/' failed: Error in connection establishment: net::ERR_CONNECTION_REFUSED @ http://localhost:5199/@vite/client:1034
[  355206ms] [ERROR] WebSocket connection to 'ws://localhost:5199/' failed: Error in connection establishment: net::ERR_CONNECTION_REFUSED @ http://localhost:5199/@vite/client:1034
[  356284ms] [ERROR] WebSocket connection to 'ws://localhost:5199/' failed: Error in connection establishment: net::ERR_CONNECTION_REFUSED @ http://localhost:5199/@vite/client:1034
[  357569ms] [ERROR] WebSocket connection to 'ws://localhost:5199/' failed: Error in connection establishment: net::ERR_CONNECTION_REFUSED @ http://localhost:5199/@vite/client:1034
[  358839ms] [ERROR] WebSocket connection to 'ws://localhost:5199/' failed: Error in connection establishment: net::ERR_CONNECTION_REFUSED @ http://localhost:5199/@vite/client:1034
[  361558ms] [ERROR] WebSocket connection to 'ws://localhost:5199/' failed: Error in connection establishment: net::ERR_CONNECTION_REFUSED @ http://localhost:5199/@vite/client:1034
[  367300ms] [ERROR] WebSocket connection to 'ws://localhost:5199/' failed: Error in connection establishment: net::ERR_CONNECTION_REFUSED @ http://localhost:5199/@vite/client:1034
[  372734ms] [ERROR] WebSocket connection to 'ws://localhost:5199/' failed: Error in connection establishment: net::ERR_CONNECTION_REFUSED @ http://localhost:5199/@vite/client:1034
[  374985ms] [ERROR] WebSocket connection to 'ws://localhost:5199/' failed: Error in connection establishment: net::ERR_CONNECTION_REFUSED @ http://localhost:5199/@vite/client:1034
[  378919ms] [ERROR] WebSocket connection to 'ws://localhost:5199/' failed: Error in connection establishment: net::ERR_CONNECTION_REFUSED @ http://localhost:5199/@vite/client:1034
[  382192ms] [ERROR] WebSocket connection to 'ws://localhost:5199/' failed: Error in connection establishment: net::ERR_CONNECTION_REFUSED @ http://localhost:5199/@vite/client:1034
[  385191ms] [ERROR] WebSocket connection to 'ws://localhost:5199/' failed: Error in connection establishment: net::ERR_CONNECTION_REFUSED @ http://localhost:5199/@vite/client:1034
[  391075ms] [ERROR] WebSocket connection to 'ws://localhost:5199/' failed: Error in connection establishment: net::ERR_CONNECTION_REFUSED @ http://localhost:5199/@vite/client:1034
[  393462ms] [ERROR] WebSocket connection to 'ws://localhost:5199/' failed: Error in connection establishment: net::ERR_CONNECTION_REFUSED @ http://localhost:5199/@vite/client:1034
[  397240ms] [ERROR] WebSocket connection to 'ws://localhost:5199/' failed: Error in connection establishment: net::ERR_CONNECTION_REFUSED @ http://localhost:5199/@vite/client:1034
[  399343ms] [ERROR] WebSocket connection to 'ws://localhost:5199/' failed: Error in connection establishment: net::ERR_CONNECTION_REFUSED @ http://localhost:5199/@vite/client:1034
[  402204ms] [ERROR] WebSocket connection to 'ws://localhost:5199/' failed: Error in connection establishment: net::ERR_CONNECTION_REFUSED @ http://localhost:5199/@vite/client:1034
[  408093ms] [ERROR] WebSocket connection to 'ws://localhost:5199/' failed: Error in connection establishment: net::ERR_CONNECTION_REFUSED @ http://localhost:5199/@vite/client:1034
[  410902ms] [ERROR] WebSocket connection to 'ws://localhost:5199/' failed: Error in connection establishment: net::ERR_CONNECTION_REFUSED @ http://localhost:5199/@vite/client:1034
[  413021ms] [ERROR] WebSocket connection to 'ws://localhost:5199/' failed: Error in connection establishment: net::ERR_CONNECTION_REFUSED @ http://localhost:5199/@vite/client:1034
[  415381ms] [ERROR] WebSocket connection to 'ws://localhost:5199/' failed: Error in connection establishment: net::ERR_CONNECTION_REFUSED @ http://localhost:5199/@vite/client:1034
[  420727ms] [ERROR] WebSocket connection to 'ws://localhost:5199/' failed: Error in connection establishment: net::ERR_CONNECTION_REFUSED @ http://localhost:5199/@vite/client:1034
[  422809ms] [ERROR] WebSocket connection to 'ws://localhost:5199/' failed: Error in connection establishment: net::ERR_CONNECTION_REFUSED @ http://localhost:5199/@vite/client:1034
[  425973ms] [ERROR] WebSocket connection to 'ws://localhost:5199/' failed: Error in connection establishment: net::ERR_CONNECTION_REFUSED @ http://localhost:5199/@vite/client:1034
[  428880ms] [ERROR] WebSocket connection to 'ws://localhost:5199/' failed: Error in connection establishment: net::ERR_CONNECTION_REFUSED @ http://localhost:5199/@vite/client:1034
[  433647ms] [ERROR] WebSocket connection to 'ws://localhost:5199/' failed: Error in connection establishment: net::ERR_CONNECTION_REFUSED @ http://localhost:5199/@vite/client:1034
[  438201ms] [ERROR] WebSocket connection to 'ws://localhost:5199/' failed: Error in connection establishment: net::ERR_CONNECTION_REFUSED @ http://localhost:5199/@vite/client:1034
[  442576ms] [ERROR] WebSocket connection to 'ws://localhost:5199/' failed: Error in connection establishment: net::ERR_CONNECTION_REFUSED @ http://localhost:5199/@vite/client:1034
[  445821ms] [ERROR] WebSocket connection to 'ws://localhost:5199/' failed: Error in connection establishment: net::ERR_CONNECTION_REFUSED @ http://localhost:5199/@vite/client:1034
[  449321ms] [ERROR] WebSocket connection to 'ws://localhost:5199/' failed: Error in connection establishment: net::ERR_CONNECTION_REFUSED @ http://localhost:5199/@vite/client:1034
[  451823ms] [ERROR] WebSocket connection to 'ws://localhost:5199/' failed: Error in connection establishment: net::ERR_CONNECTION_REFUSED @ http://localhost:5199/@vite/client:1034
[  454559ms] [ERROR] WebSocket connection to 'ws://localhost:5199/' failed: Error in connection establishment: net::ERR_CONNECTION_REFUSED @ http://localhost:5199/@vite/client:1034
[  459897ms] [ERROR] WebSocket connection to 'ws://localhost:5199/' failed: Error in connection establishment: net::ERR_CONNECTION_REFUSED @ http://localhost:5199/@vite/client:1034
[  464955ms] [ERROR] WebSocket connection to 'ws://localhost:5199/' failed: Error in connection establishment: net::ERR_CONNECTION_REFUSED @ http://localhost:5199/@vite/client:1034
[  465958ms] [ERROR] WebSocket connection to 'ws://localhost:5199/' failed: Error in connection establishment: net::ERR_CONNECTION_REFUSED @ http://localhost:5199/@vite/client:1034
[  466961ms] [ERROR] WebSocket connection to 'ws://localhost:5199/' failed: Error in connection establishment: net::ERR_CONNECTION_REFUSED @ http://localhost:5199/@vite/client:1034
[  467964ms] [ERROR] WebSocket connection to 'ws://localhost:5199/' failed: Error in connection establishment: net::ERR_CONNECTION_REFUSED @ http://localhost:5199/@vite/client:1034
[  468968ms] [ERROR] WebSocket connection to 'ws://localhost:5199/' failed: Error in connection establishment: net::ERR_CONNECTION_REFUSED @ http://localhost:5199/@vite/client:1034
[  469972ms] [ERROR] WebSocket connection to 'ws://localhost:5199/' failed: Error in connection establishment: net::ERR_CONNECTION_REFUSED @ http://localhost:5199/@vite/client:1034
[  470977ms] [ERROR] WebSocket connection to 'ws://localhost:5199/' failed: Error in connection establishment: net::ERR_CONNECTION_REFUSED @ http://localhost:5199/@vite/client:1034
[  471990ms] [ERROR] WebSocket connection to 'ws://localhost:5199/' failed: Error in connection establishment: net::ERR_CONNECTION_REFUSED @ http://localhost:5199/@vite/client:1034
[  473012ms] [ERROR] WebSocket connection to 'ws://localhost:5199/' failed: Error in connection establishment: net::ERR_CONNECTION_REFUSED @ http://localhost:5199/@vite/client:1034
[  474029ms] [ERROR] WebSocket connection to 'ws://localhost:5199/' failed: Error in connection establishment: net::ERR_CONNECTION_REFUSED @ http://localhost:5199/@vite/client:1034
[  475068ms] [ERROR] WebSocket connection to 'ws://localhost:5199/' failed: Error in connection establishment: net::ERR_CONNECTION_REFUSED @ http://localhost:5199/@vite/client:1034
[  476219ms] [ERROR] WebSocket connection to 'ws://localhost:5199/' failed: Error in connection establishment: net::ERR_CONNECTION_REFUSED @ http://localhost:5199/@vite/client:1034
[  477399ms] [ERROR] WebSocket connection to 'ws://localhost:5199/' failed: Error in connection establishment: net::ERR_CONNECTION_REFUSED @ http://localhost:5199/@vite/client:1034
[  478601ms] [ERROR] WebSocket connection to 'ws://localhost:5199/' failed: Error in connection establishment: net::ERR_CONNECTION_REFUSED @ http://localhost:5199/@vite/client:1034
[  479968ms] [ERROR] WebSocket connection to 'ws://localhost:5199/' failed: Error in connection establishment: net::ERR_CONNECTION_REFUSED @ http://localhost:5199/@vite/client:1034
[  482975ms] [ERROR] WebSocket connection to 'ws://localhost:5199/' failed: Error in connection establishment: net::ERR_CONNECTION_REFUSED @ http://localhost:5199/@vite/client:1034
[  485686ms] [ERROR] WebSocket connection to 'ws://localhost:5199/' failed: Error in connection establishment: net::ERR_CONNECTION_REFUSED @ http://localhost:5199/@vite/client:1034
[  487717ms] [ERROR] WebSocket connection to 'ws://localhost:5199/' failed: Error in connection establishment: net::ERR_CONNECTION_REFUSED @ http://localhost:5199/@vite/client:1034
[  492522ms] [ERROR] WebSocket connection to 'ws://localhost:5199/' failed: Error in connection establishment: net::ERR_CONNECTION_REFUSED @ http://localhost:5199/@vite/client:1034
[  496659ms] [ERROR] WebSocket connection to 'ws://localhost:5199/' failed: Error in connection establishment: net::ERR_CONNECTION_REFUSED @ http://localhost:5199/@vite/client:1034
[  500337ms] [ERROR] WebSocket connection to 'ws://localhost:5199/' failed: Error in connection establishment: net::ERR_CONNECTION_REFUSED @ http://localhost:5199/@vite/client:1034
[  504249ms] [ERROR] WebSocket connection to 'ws://localhost:5199/' failed: Error in connection establishment: net::ERR_CONNECTION_REFUSED @ http://localhost:5199/@vite/client:1034
[  510033ms] [ERROR] WebSocket connection to 'ws://localhost:5199/' failed: Error in connection establishment: net::ERR_CONNECTION_REFUSED @ http://localhost:5199/@vite/client:1034
[  515792ms] [ERROR] WebSocket connection to 'ws://localhost:5199/' failed: Error in connection establishment: net::ERR_CONNECTION_REFUSED @ http://localhost:5199/@vite/client:1034
[  520600ms] [ERROR] WebSocket connection to 'ws://localhost:5199/' failed: Error in connection establishment: net::ERR_CONNECTION_REFUSED @ http://localhost:5199/@vite/client:1034
[  526216ms] [ERROR] WebSocket connection to 'ws://localhost:5199/' failed: Error in connection establishment: net::ERR_CONNECTION_REFUSED @ http://localhost:5199/@vite/client:1034
[  529394ms] [ERROR] WebSocket connection to 'ws://localhost:5199/' failed: Error in connection establishment: net::ERR_CONNECTION_REFUSED @ http://localhost:5199/@vite/client:1034
[  534925ms] [ERROR] WebSocket connection to 'ws://localhost:5199/' failed: Error in connection establishment: net::ERR_CONNECTION_REFUSED @ http://localhost:5199/@vite/client:1034
[  540240ms] [ERROR] WebSocket connection to 'ws://localhost:5199/' failed: Error in connection establishment: net::ERR_CONNECTION_REFUSED @ http://localhost:5199/@vite/client:1034
[  543200ms] [ERROR] WebSocket connection to 'ws://localhost:5199/' failed: Error in connection establishment: net::ERR_CONNECTION_REFUSED @ http://localhost:5199/@vite/client:1034
[  548738ms] [ERROR] WebSocket connection to 'ws://localhost:5199/' failed: Error in connection establishment: net::ERR_CONNECTION_REFUSED @ http://localhost:5199/@vite/client:1034
[  554455ms] [ERROR] WebSocket connection to 'ws://localhost:5199/' failed: Error in connection establishment: net::ERR_CONNECTION_REFUSED @ http://localhost:5199/@vite/client:1034
[  560199ms] [ERROR] WebSocket connection to 'ws://localhost:5199/' failed: Error in connection establishment: net::ERR_CONNECTION_REFUSED @ http://localhost:5199/@vite/client:1034
[  564646ms] [ERROR] WebSocket connection to 'ws://localhost:5199/' failed: Error in connection establishment: net::ERR_CONNECTION_REFUSED @ http://localhost:5199/@vite/client:1034
[  567150ms] [ERROR] WebSocket connection to 'ws://localhost:5199/' failed: Error in connection establishment: net::ERR_CONNECTION_REFUSED @ http://localhost:5199/@vite/client:1034
[  572300ms] [ERROR] WebSocket connection to 'ws://localhost:5199/' failed: Error in connection establishment: net::ERR_CONNECTION_REFUSED @ http://localhost:5199/@vite/client:1034
[  576120ms] [ERROR] WebSocket connection to 'ws://localhost:5199/' failed: Error in connection establishment: net::ERR_CONNECTION_REFUSED @ http://localhost:5199/@vite/client:1034
[  578217ms] [ERROR] WebSocket connection to 'ws://localhost:5199/' failed: Error in connection establishment: net::ERR_CONNECTION_REFUSED @ http://localhost:5199/@vite/client:1034
[  583311ms] [ERROR] WebSocket connection to 'ws://localhost:5199/' failed: Error in connection establishment: net::ERR_CONNECTION_REFUSED @ http://localhost:5199/@vite/client:1034
[  588817ms] [ERROR] WebSocket connection to 'ws://localhost:5199/' failed: Error in connection establishment: net::ERR_CONNECTION_REFUSED @ http://localhost:5199/@vite/client:1034
[  591900ms] [ERROR] WebSocket connection to 'ws://localhost:5199/' failed: Error in connection establishment: net::ERR_CONNECTION_REFUSED @ http://localhost:5199/@vite/client:1034
[  594440ms] [ERROR] WebSocket connection to 'ws://localhost:5199/' failed: Error in connection establishment: net::ERR_CONNECTION_REFUSED @ http://localhost:5199/@vite/client:1034
[  600009ms] [ERROR] WebSocket connection to 'ws://localhost:5199/' failed: Error in connection establishment: net::ERR_CONNECTION_REFUSED @ http://localhost:5199/@vite/client:1034
[  603567ms] [ERROR] WebSocket connection to 'ws://localhost:5199/' failed: Error in connection establishment: net::ERR_CONNECTION_REFUSED @ http://localhost:5199/@vite/client:1034
[  607665ms] [ERROR] WebSocket connection to 'ws://localhost:5199/' failed: Error in connection establishment: net::ERR_CONNECTION_REFUSED @ http://localhost:5199/@vite/client:1034
[  611100ms] [ERROR] WebSocket connection to 'ws://localhost:5199/' failed: Error in connection establishment: net::ERR_CONNECTION_REFUSED @ http://localhost:5199/@vite/client:1034
[  615540ms] [ERROR] WebSocket connection to 'ws://localhost:5199/' failed: Error in connection establishment: net::ERR_CONNECTION_REFUSED @ http://localhost:5199/@vite/client:1034
[  619715ms] [ERROR] WebSocket connection to 'ws://localhost:5199/' failed: Error in connection establishment: net::ERR_CONNECTION_REFUSED @ http://localhost:5199/@vite/client:1034
[  622823ms] [ERROR] WebSocket connection to 'ws://localhost:5199/' failed: Error in connection establishment: net::ERR_CONNECTION_REFUSED @ http://localhost:5199/@vite/client:1034
[  627411ms] [ERROR] WebSocket connection to 'ws://localhost:5199/' failed: Error in connection establishment: net::ERR_CONNECTION_REFUSED @ http://localhost:5199/@vite/client:1034
[  631070ms] [ERROR] WebSocket connection to 'ws://localhost:5199/' failed: Error in connection establishment: net::ERR_CONNECTION_REFUSED @ http://localhost:5199/@vite/client:1034
[  633777ms] [ERROR] WebSocket connection to 'ws://localhost:5199/' failed: Error in connection establishment: net::ERR_CONNECTION_REFUSED @ http://localhost:5199/@vite/client:1034
[  637752ms] [ERROR] WebSocket connection to 'ws://localhost:5199/' failed: Error in connection establishment: net::ERR_CONNECTION_REFUSED @ http://localhost:5199/@vite/client:1034
[  643300ms] [ERROR] WebSocket connection to 'ws://localhost:5199/' failed: Error in connection establishment: net::ERR_CONNECTION_REFUSED @ http://localhost:5199/@vite/client:1034
[  647450ms] [ERROR] WebSocket connection to 'ws://localhost:5199/' failed: Error in connection establishment: net::ERR_CONNECTION_REFUSED @ http://localhost:5199/@vite/client:1034
[  649488ms] [ERROR] WebSocket connection to 'ws://localhost:5199/' failed: Error in connection establishment: net::ERR_CONNECTION_REFUSED @ http://localhost:5199/@vite/client:1034
[  655300ms] [ERROR] WebSocket connection to 'ws://localhost:5199/' failed: Error in connection establishment: net::ERR_CONNECTION_REFUSED @ http://localhost:5199/@vite/client:1034
[  658518ms] [ERROR] WebSocket connection to 'ws://localhost:5199/' failed: Error in connection establishment: net::ERR_CONNECTION_REFUSED @ http://localhost:5199/@vite/client:1034
[  662087ms] [ERROR] WebSocket connection to 'ws://localhost:5199/' failed: Error in connection establishment: net::ERR_CONNECTION_REFUSED @ http://localhost:5199/@vite/client:1034
[  664757ms] [ERROR] WebSocket connection to 'ws://localhost:5199/' failed: Error in connection establishment: net::ERR_CONNECTION_REFUSED @ http://localhost:5199/@vite/client:1034
[  667140ms] [ERROR] WebSocket connection to 'ws://localhost:5199/' failed: Error in connection establishment: net::ERR_CONNECTION_REFUSED @ http://localhost:5199/@vite/client:1034
[  671650ms] [ERROR] WebSocket connection to 'ws://localhost:5199/' failed: Error in connection establishment: net::ERR_CONNECTION_REFUSED @ http://localhost:5199/@vite/client:1034
[  675460ms] [ERROR] WebSocket connection to 'ws://localhost:5199/' failed: Error in connection establishment: net::ERR_CONNECTION_REFUSED @ http://localhost:5199/@vite/client:1034
[  678616ms] [ERROR] WebSocket connection to 'ws://localhost:5199/' failed: Error in connection establishment: net::ERR_CONNECTION_REFUSED @ http://localhost:5199/@vite/client:1034
[  682976ms] [ERROR] WebSocket connection to 'ws://localhost:5199/' failed: Error in connection establishment: net::ERR_CONNECTION_REFUSED @ http://localhost:5199/@vite/client:1034
[  686322ms] [ERROR] WebSocket connection to 'ws://localhost:5199/' failed: Error in connection establishment: net::ERR_CONNECTION_REFUSED @ http://localhost:5199/@vite/client:1034
[  690625ms] [ERROR] WebSocket connection to 'ws://localhost:5199/' failed: Error in connection establishment: net::ERR_CONNECTION_REFUSED @ http://localhost:5199/@vite/client:1034
[  695267ms] [ERROR] WebSocket connection to 'ws://localhost:5199/' failed: Error in connection establishment: net::ERR_CONNECTION_REFUSED @ http://localhost:5199/@vite/client:1034
[  697792ms] [ERROR] WebSocket connection to 'ws://localhost:5199/' failed: Error in connection establishment: net::ERR_CONNECTION_REFUSED @ http://localhost:5199/@vite/client:1034
[  701343ms] [ERROR] WebSocket connection to 'ws://localhost:5199/' failed: Error in connection establishment: net::ERR_CONNECTION_REFUSED @ http://localhost:5199/@vite/client:1034
[  705878ms] [ERROR] WebSocket connection to 'ws://localhost:5199/' failed: Error in connection establishment: net::ERR_CONNECTION_REFUSED @ http://localhost:5199/@vite/client:1034
[  706882ms] [ERROR] WebSocket connection to 'ws://localhost:5199/' failed: Error in connection establishment: net::ERR_CONNECTION_REFUSED @ http://localhost:5199/@vite/client:1034
[  707885ms] [ERROR] WebSocket connection to 'ws://localhost:5199/' failed: Error in connection establishment: net::ERR_CONNECTION_REFUSED @ http://localhost:5199/@vite/client:1034
[  708889ms] [ERROR] WebSocket connection to 'ws://localhost:5199/' failed: Error in connection establishment: net::ERR_CONNECTION_REFUSED @ http://localhost:5199/@vite/client:1034
[  709892ms] [ERROR] WebSocket connection to 'ws://localhost:5199/' failed: Error in connection establishment: net::ERR_CONNECTION_REFUSED @ http://localhost:5199/@vite/client:1034
[  710896ms] [ERROR] WebSocket connection to 'ws://localhost:5199/' failed: Error in connection establishment: net::ERR_CONNECTION_REFUSED @ http://localhost:5199/@vite/client:1034
[  711901ms] [ERROR] WebSocket connection to 'ws://localhost:5199/' failed: Error in connection establishment: net::ERR_CONNECTION_REFUSED @ http://localhost:5199/@vite/client:1034
[  712914ms] [ERROR] WebSocket connection to 'ws://localhost:5199/' failed: Error in connection establishment: net::ERR_CONNECTION_REFUSED @ http://localhost:5199/@vite/client:1034
[  713931ms] [ERROR] WebSocket connection to 'ws://localhost:5199/' failed: Error in connection establishment: net::ERR_CONNECTION_REFUSED @ http://localhost:5199/@vite/client:1034
[  714957ms] [ERROR] WebSocket connection to 'ws://localhost:5199/' failed: Error in connection establishment: net::ERR_CONNECTION_REFUSED @ http://localhost:5199/@vite/client:1034
[  715999ms] [ERROR] WebSocket connection to 'ws://localhost:5199/' failed: Error in connection establishment: net::ERR_CONNECTION_REFUSED @ http://localhost:5199/@vite/client:1034
[  717125ms] [ERROR] WebSocket connection to 'ws://localhost:5199/' failed: Error in connection establishment: net::ERR_CONNECTION_REFUSED @ http://localhost:5199/@vite/client:1034
[  718337ms] [ERROR] WebSocket connection to 'ws://localhost:5199/' failed: Error in connection establishment: net::ERR_CONNECTION_REFUSED @ http://localhost:5199/@vite/client:1034
[  719541ms] [ERROR] WebSocket connection to 'ws://localhost:5199/' failed: Error in connection establishment: net::ERR_CONNECTION_REFUSED @ http://localhost:5199/@vite/client:1034
[  720833ms] [ERROR] WebSocket connection to 'ws://localhost:5199/' failed: Error in connection establishment: net::ERR_CONNECTION_REFUSED @ http://localhost:5199/@vite/client:1034
[  723876ms] [ERROR] WebSocket connection to 'ws://localhost:5199/' failed: Error in connection establishment: net::ERR_CONNECTION_REFUSED @ http://localhost:5199/@vite/client:1034
[  728720ms] [ERROR] WebSocket connection to 'ws://localhost:5199/' failed: Error in connection establishment: net::ERR_CONNECTION_REFUSED @ http://localhost:5199/@vite/client:1034
[  732220ms] [ERROR] WebSocket connection to 'ws://localhost:5199/' failed: Error in connection establishment: net::ERR_CONNECTION_REFUSED @ http://localhost:5199/@vite/client:1034
[  736646ms] [ERROR] WebSocket connection to 'ws://localhost:5199/' failed: Error in connection establishment: net::ERR_CONNECTION_REFUSED @ http://localhost:5199/@vite/client:1034
[  742576ms] [ERROR] WebSocket connection to 'ws://localhost:5199/' failed: Error in connection establishment: net::ERR_CONNECTION_REFUSED @ http://localhost:5199/@vite/client:1034
[  747465ms] [ERROR] WebSocket connection to 'ws://localhost:5199/' failed: Error in connection establishment: net::ERR_CONNECTION_REFUSED @ http://localhost:5199/@vite/client:1034
[  753309ms] [ERROR] WebSocket connection to 'ws://localhost:5199/' failed: Error in connection establishment: net::ERR_CONNECTION_REFUSED @ http://localhost:5199/@vite/client:1034
[  758141ms] [ERROR] WebSocket connection to 'ws://localhost:5199/' failed: Error in connection establishment: net::ERR_CONNECTION_REFUSED @ http://localhost:5199/@vite/client:1034
[  760166ms] [ERROR] WebSocket connection to 'ws://localhost:5199/' failed: Error in connection establishment: net::ERR_CONNECTION_REFUSED @ http://localhost:5199/@vite/client:1034
[  766144ms] [ERROR] WebSocket connection to 'ws://localhost:5199/' failed: Error in connection establishment: net::ERR_CONNECTION_REFUSED @ http://localhost:5199/@vite/client:1034
[  768999ms] [ERROR] WebSocket connection to 'ws://localhost:5199/' failed: Error in connection establishment: net::ERR_CONNECTION_REFUSED @ http://localhost:5199/@vite/client:1034
[  771649ms] [ERROR] WebSocket connection to 'ws://localhost:5199/' failed: Error in connection establishment: net::ERR_CONNECTION_REFUSED @ http://localhost:5199/@vite/client:1034
[  776975ms] [ERROR] WebSocket connection to 'ws://localhost:5199/' failed: Error in connection establishment: net::ERR_CONNECTION_REFUSED @ http://localhost:5199/@vite/client:1034
[  781163ms] [ERROR] WebSocket connection to 'ws://localhost:5199/' failed: Error in connection establishment: net::ERR_CONNECTION_REFUSED @ http://localhost:5199/@vite/client:1034
[  786088ms] [ERROR] WebSocket connection to 'ws://localhost:5199/' failed: Error in connection establishment: net::ERR_CONNECTION_REFUSED @ http://localhost:5199/@vite/client:1034
[  789122ms] [ERROR] WebSocket connection to 'ws://localhost:5199/' failed: Error in connection establishment: net::ERR_CONNECTION_REFUSED @ http://localhost:5199/@vite/client:1034
[  793159ms] [ERROR] WebSocket connection to 'ws://localhost:5199/' failed: Error in connection establishment: net::ERR_CONNECTION_REFUSED @ http://localhost:5199/@vite/client:1034
[  795343ms] [ERROR] WebSocket connection to 'ws://localhost:5199/' failed: Error in connection establishment: net::ERR_CONNECTION_REFUSED @ http://localhost:5199/@vite/client:1034
[  798836ms] [ERROR] WebSocket connection to 'ws://localhost:5199/' failed: Error in connection establishment: net::ERR_CONNECTION_REFUSED @ http://localhost:5199/@vite/client:1034
[  804709ms] [ERROR] WebSocket connection to 'ws://localhost:5199/' failed: Error in connection establishment: net::ERR_CONNECTION_REFUSED @ http://localhost:5199/@vite/client:1034
[  809440ms] [ERROR] WebSocket connection to 'ws://localhost:5199/' failed: Error in connection establishment: net::ERR_CONNECTION_REFUSED @ http://localhost:5199/@vite/client:1034
[  812450ms] [ERROR] WebSocket connection to 'ws://localhost:5199/' failed: Error in connection establishment: net::ERR_CONNECTION_REFUSED @ http://localhost:5199/@vite/client:1034
[  816840ms] [ERROR] WebSocket connection to 'ws://localhost:5199/' failed: Error in connection establishment: net::ERR_CONNECTION_REFUSED @ http://localhost:5199/@vite/client:1034
[  822342ms] [ERROR] WebSocket connection to 'ws://localhost:5199/' failed: Error in connection establishment: net::ERR_CONNECTION_REFUSED @ http://localhost:5199/@vite/client:1034
[  827396ms] [ERROR] WebSocket connection to 'ws://localhost:5199/' failed: Error in connection establishment: net::ERR_CONNECTION_REFUSED @ http://localhost:5199/@vite/client:1034
[  832420ms] [ERROR] WebSocket connection to 'ws://localhost:5199/' failed: Error in connection establishment: net::ERR_CONNECTION_REFUSED @ http://localhost:5199/@vite/client:1034
[  836338ms] [ERROR] WebSocket connection to 'ws://localhost:5199/' failed: Error in connection establishment: net::ERR_CONNECTION_REFUSED @ http://localhost:5199/@vite/client:1034
[  839827ms] [ERROR] WebSocket connection to 'ws://localhost:5199/' failed: Error in connection establishment: net::ERR_CONNECTION_REFUSED @ http://localhost:5199/@vite/client:1034
[  842198ms] [ERROR] WebSocket connection to 'ws://localhost:5199/' failed: Error in connection establishment: net::ERR_CONNECTION_REFUSED @ http://localhost:5199/@vite/client:1034
[  845983ms] [ERROR] WebSocket connection to 'ws://localhost:5199/' failed: Error in connection establishment: net::ERR_CONNECTION_REFUSED @ http://localhost:5199/@vite/client:1034
[  851958ms] [ERROR] WebSocket connection to 'ws://localhost:5199/' failed: Error in connection establishment: net::ERR_CONNECTION_REFUSED @ http://localhost:5199/@vite/client:1034
[  856140ms] [ERROR] WebSocket connection to 'ws://localhost:5199/' failed: Error in connection establishment: net::ERR_CONNECTION_REFUSED @ http://localhost:5199/@vite/client:1034
[  858719ms] [ERROR] WebSocket connection to 'ws://localhost:5199/' failed: Error in connection establishment: net::ERR_CONNECTION_REFUSED @ http://localhost:5199/@vite/client:1034
[  861420ms] [ERROR] WebSocket connection to 'ws://localhost:5199/' failed: Error in connection establishment: net::ERR_CONNECTION_REFUSED @ http://localhost:5199/@vite/client:1034
[  865701ms] [ERROR] WebSocket connection to 'ws://localhost:5199/' failed: Error in connection establishment: net::ERR_CONNECTION_REFUSED @ http://localhost:5199/@vite/client:1034
[  870699ms] [ERROR] WebSocket connection to 'ws://localhost:5199/' failed: Error in connection establishment: net::ERR_CONNECTION_REFUSED @ http://localhost:5199/@vite/client:1034
[  876380ms] [ERROR] WebSocket connection to 'ws://localhost:5199/' failed: Error in connection establishment: net::ERR_CONNECTION_REFUSED @ http://localhost:5199/@vite/client:1034
[  880860ms] [ERROR] WebSocket connection to 'ws://localhost:5199/' failed: Error in connection establishment: net::ERR_CONNECTION_REFUSED @ http://localhost:5199/@vite/client:1034
[  883157ms] [ERROR] WebSocket connection to 'ws://localhost:5199/' failed: Error in connection establishment: net::ERR_CONNECTION_REFUSED @ http://localhost:5199/@vite/client:1034
[  886053ms] [ERROR] WebSocket connection to 'ws://localhost:5199/' failed: Error in connection establishment: net::ERR_CONNECTION_REFUSED @ http://localhost:5199/@vite/client:1034
[  890702ms] [ERROR] WebSocket connection to 'ws://localhost:5199/' failed: Error in connection establishment: net::ERR_CONNECTION_REFUSED @ http://localhost:5199/@vite/client:1034
[  895985ms] [ERROR] WebSocket connection to 'ws://localhost:5199/' failed: Error in connection establishment: net::ERR_CONNECTION_REFUSED @ http://localhost:5199/@vite/client:1034
[  899747ms] [ERROR] WebSocket connection to 'ws://localhost:5199/' failed: Error in connection establishment: net::ERR_CONNECTION_REFUSED @ http://localhost:5199/@vite/client:1034
[  903469ms] [ERROR] WebSocket connection to 'ws://localhost:5199/' failed: Error in connection establishment: net::ERR_CONNECTION_REFUSED @ http://localhost:5199/@vite/client:1034
[  906944ms] [ERROR] WebSocket connection to 'ws://localhost:5199/' failed: Error in connection establishment: net::ERR_CONNECTION_REFUSED @ http://localhost:5199/@vite/client:1034
[  909591ms] [ERROR] WebSocket connection to 'ws://localhost:5199/' failed: Error in connection establishment: net::ERR_CONNECTION_REFUSED @ http://localhost:5199/@vite/client:1034
[  915001ms] [ERROR] WebSocket connection to 'ws://localhost:5199/' failed: Error in connection establishment: net::ERR_CONNECTION_REFUSED @ http://localhost:5199/@vite/client:1034
[  919133ms] [ERROR] WebSocket connection to 'ws://localhost:5199/' failed: Error in connection establishment: net::ERR_CONNECTION_REFUSED @ http://localhost:5199/@vite/client:1034
[  925125ms] [ERROR] WebSocket connection to 'ws://localhost:5199/' failed: Error in connection establishment: net::ERR_CONNECTION_REFUSED @ http://localhost:5199/@vite/client:1034
[  930266ms] [ERROR] WebSocket connection to 'ws://localhost:5199/' failed: Error in connection establishment: net::ERR_CONNECTION_REFUSED @ http://localhost:5199/@vite/client:1034
[  933634ms] [ERROR] WebSocket connection to 'ws://localhost:5199/' failed: Error in connection establishment: net::ERR_CONNECTION_REFUSED @ http://localhost:5199/@vite/client:1034
[  939166ms] [ERROR] WebSocket connection to 'ws://localhost:5199/' failed: Error in connection establishment: net::ERR_CONNECTION_REFUSED @ http://localhost:5199/@vite/client:1034
[  941432ms] [ERROR] WebSocket connection to 'ws://localhost:5199/' failed: Error in connection establishment: net::ERR_CONNECTION_REFUSED @ http://localhost:5199/@vite/client:1034
[  947194ms] [ERROR] WebSocket connection to 'ws://localhost:5199/' failed: Error in connection establishment: net::ERR_CONNECTION_REFUSED @ http://localhost:5199/@vite/client:1034
[  951116ms] [ERROR] WebSocket connection to 'ws://localhost:5199/' failed: Error in connection establishment: net::ERR_CONNECTION_REFUSED @ http://localhost:5199/@vite/client:1034
[  956334ms] [ERROR] WebSocket connection to 'ws://localhost:5199/' failed: Error in connection establishment: net::ERR_CONNECTION_REFUSED @ http://localhost:5199/@vite/client:1034
[  959270ms] [ERROR] WebSocket connection to 'ws://localhost:5199/' failed: Error in connection establishment: net::ERR_CONNECTION_REFUSED @ http://localhost:5199/@vite/client:1034
[  962491ms] [ERROR] WebSocket connection to 'ws://localhost:5199/' failed: Error in connection establishment: net::ERR_CONNECTION_REFUSED @ http://localhost:5199/@vite/client:1034
[  964920ms] [ERROR] WebSocket connection to 'ws://localhost:5199/' failed: Error in connection establishment: net::ERR_CONNECTION_REFUSED @ http://localhost:5199/@vite/client:1034
[  970740ms] [ERROR] WebSocket connection to 'ws://localhost:5199/' failed: Error in connection establishment: net::ERR_CONNECTION_REFUSED @ http://localhost:5199/@vite/client:1034
[  973040ms] [ERROR] WebSocket connection to 'ws://localhost:5199/' failed: Error in connection establishment: net::ERR_CONNECTION_REFUSED @ http://localhost:5199/@vite/client:1034
[  977007ms] [ERROR] WebSocket connection to 'ws://localhost:5199/' failed: Error in connection establishment: net::ERR_CONNECTION_REFUSED @ http://localhost:5199/@vite/client:1034
[  979355ms] [ERROR] WebSocket connection to 'ws://localhost:5199/' failed: Error in connection establishment: net::ERR_CONNECTION_REFUSED @ http://localhost:5199/@vite/client:1034
[  982706ms] [ERROR] WebSocket connection to 'ws://localhost:5199/' failed: Error in connection establishment: net::ERR_CONNECTION_REFUSED @ http://localhost:5199/@vite/client:1034
[  986480ms] [ERROR] WebSocket connection to 'ws://localhost:5199/' failed: Error in connection establishment: net::ERR_CONNECTION_REFUSED @ http://localhost:5199/@vite/client:1034
[  991270ms] [ERROR] WebSocket connection to 'ws://localhost:5199/' failed: Error in connection establishment: net::ERR_CONNECTION_REFUSED @ http://localhost:5199/@vite/client:1034
[  996968ms] [ERROR] WebSocket connection to 'ws://localhost:5199/' failed: Error in connection establishment: net::ERR_CONNECTION_REFUSED @ http://localhost:5199/@vite/client:1034
[  999680ms] [ERROR] WebSocket connection to 'ws://localhost:5199/' failed: Error in connection establishment: net::ERR_CONNECTION_REFUSED @ http://localhost:5199/@vite/client:1034
[ 1002013ms] [ERROR] WebSocket connection to 'ws://localhost:5199/' failed: Error in connection establishment: net::ERR_CONNECTION_REFUSED @ http://localhost:5199/@vite/client:1034
[ 1005065ms] [ERROR] WebSocket connection to 'ws://localhost:5199/' failed: Error in connection establishment: net::ERR_CONNECTION_REFUSED @ http://localhost:5199/@vite/client:1034
[ 1009408ms] [ERROR] WebSocket connection to 'ws://localhost:5199/' failed: Error in connection establishment: net::ERR_CONNECTION_REFUSED @ http://localhost:5199/@vite/client:1034
[ 1012016ms] [ERROR] WebSocket connection to 'ws://localhost:5199/' failed: Error in connection establishment: net::ERR_CONNECTION_REFUSED @ http://localhost:5199/@vite/client:1034
[ 1017490ms] [ERROR] WebSocket connection to 'ws://localhost:5199/' failed: Error in connection establishment: net::ERR_CONNECTION_REFUSED @ http://localhost:5199/@vite/client:1034
[ 1021424ms] [ERROR] WebSocket connection to 'ws://localhost:5199/' failed: Error in connection establishment: net::ERR_CONNECTION_REFUSED @ http://localhost:5199/@vite/client:1034
[ 1024310ms] [ERROR] WebSocket connection to 'ws://localhost:5199/' failed: Error in connection establishment: net::ERR_CONNECTION_REFUSED @ http://localhost:5199/@vite/client:1034
[ 1028062ms] [ERROR] WebSocket connection to 'ws://localhost:5199/' failed: Error in connection establishment: net::ERR_CONNECTION_REFUSED @ http://localhost:5199/@vite/client:1034
[ 1033929ms] [ERROR] WebSocket connection to 'ws://localhost:5199/' failed: Error in connection establishment: net::ERR_CONNECTION_REFUSED @ http://localhost:5199/@vite/client:1034
[ 1037616ms] [ERROR] WebSocket connection to 'ws://localhost:5199/' failed: Error in connection establishment: net::ERR_CONNECTION_REFUSED @ http://localhost:5199/@vite/client:1034
[ 1043149ms] [ERROR] WebSocket connection to 'ws://localhost:5199/' failed: Error in connection establishment: net::ERR_CONNECTION_REFUSED @ http://localhost:5199/@vite/client:1034
[ 1045444ms] [ERROR] WebSocket connection to 'ws://localhost:5199/' failed: Error in connection establishment: net::ERR_CONNECTION_REFUSED @ http://localhost:5199/@vite/client:1034
[ 1048633ms] [ERROR] WebSocket connection to 'ws://localhost:5199/' failed: Error in connection establishment: net::ERR_CONNECTION_REFUSED @ http://localhost:5199/@vite/client:1034
[ 1050948ms] [ERROR] WebSocket connection to 'ws://localhost:5199/' failed: Error in connection establishment: net::ERR_CONNECTION_REFUSED @ http://localhost:5199/@vite/client:1034
[ 1053520ms] [ERROR] WebSocket connection to 'ws://localhost:5199/' failed: Error in connection establishment: net::ERR_CONNECTION_REFUSED @ http://localhost:5199/@vite/client:1034
[ 1058548ms] [ERROR] WebSocket connection to 'ws://localhost:5199/' failed: Error in connection establishment: net::ERR_CONNECTION_REFUSED @ http://localhost:5199/@vite/client:1034
[ 1062599ms] [ERROR] WebSocket connection to 'ws://localhost:5199/' failed: Error in connection establishment: net::ERR_CONNECTION_REFUSED @ http://localhost:5199/@vite/client:1034
[ 1066645ms] [ERROR] WebSocket connection to 'ws://localhost:5199/' failed: Error in connection establishment: net::ERR_CONNECTION_REFUSED @ http://localhost:5199/@vite/client:1034
[ 1067648ms] [ERROR] WebSocket connection to 'ws://localhost:5199/' failed: Error in connection establishment: net::ERR_CONNECTION_REFUSED @ http://localhost:5199/@vite/client:1034
[ 1068652ms] [ERROR] WebSocket connection to 'ws://localhost:5199/' failed: Error in connection establishment: net::ERR_CONNECTION_REFUSED @ http://localhost:5199/@vite/client:1034
[ 1069655ms] [ERROR] WebSocket connection to 'ws://localhost:5199/' failed: Error in connection establishment: net::ERR_CONNECTION_REFUSED @ http://localhost:5199/@vite/client:1034
[ 1070657ms] [ERROR] WebSocket connection to 'ws://localhost:5199/' failed: Error in connection establishment: net::ERR_CONNECTION_REFUSED @ http://localhost:5199/@vite/client:1034
[ 1071662ms] [ERROR] WebSocket connection to 'ws://localhost:5199/' failed: Error in connection establishment: net::ERR_CONNECTION_REFUSED @ http://localhost:5199/@vite/client:1034
[ 1072670ms] [ERROR] WebSocket connection to 'ws://localhost:5199/' failed: Error in connection establishment: net::ERR_CONNECTION_REFUSED @ http://localhost:5199/@vite/client:1034
[ 1073680ms] [ERROR] WebSocket connection to 'ws://localhost:5199/' failed: Error in connection establishment: net::ERR_CONNECTION_REFUSED @ http://localhost:5199/@vite/client:1034
[ 1074700ms] [ERROR] WebSocket connection to 'ws://localhost:5199/' failed: Error in connection establishment: net::ERR_CONNECTION_REFUSED @ http://localhost:5199/@vite/client:1034
[ 1075728ms] [ERROR] WebSocket connection to 'ws://localhost:5199/' failed: Error in connection establishment: net::ERR_CONNECTION_REFUSED @ http://localhost:5199/@vite/client:1034
[ 1076780ms] [ERROR] WebSocket connection to 'ws://localhost:5199/' failed: Error in connection establishment: net::ERR_CONNECTION_REFUSED @ http://localhost:5199/@vite/client:1034
[ 1077935ms] [ERROR] WebSocket connection to 'ws://localhost:5199/' failed: Error in connection establishment: net::ERR_CONNECTION_REFUSED @ http://localhost:5199/@vite/client:1034
[ 1079245ms] [ERROR] WebSocket connection to 'ws://localhost:5199/' failed: Error in connection establishment: net::ERR_CONNECTION_REFUSED @ http://localhost:5199/@vite/client:1034
[ 1080475ms] [ERROR] WebSocket connection to 'ws://localhost:5199/' failed: Error in connection establishment: net::ERR_CONNECTION_REFUSED @ http://localhost:5199/@vite/client:1034
[ 1082634ms] [ERROR] WebSocket connection to 'ws://localhost:5199/' failed: Error in connection establishment: net::ERR_CONNECTION_REFUSED @ http://localhost:5199/@vite/client:1034
[ 1085539ms] [ERROR] WebSocket connection to 'ws://localhost:5199/' failed: Error in connection establishment: net::ERR_CONNECTION_REFUSED @ http://localhost:5199/@vite/client:1034
[ 1088194ms] [ERROR] WebSocket connection to 'ws://localhost:5199/' failed: Error in connection establishment: net::ERR_CONNECTION_REFUSED @ http://localhost:5199/@vite/client:1034
[ 1090658ms] [ERROR] WebSocket connection to 'ws://localhost:5199/' failed: Error in connection establishment: net::ERR_CONNECTION_REFUSED @ http://localhost:5199/@vite/client:1034
[ 1095916ms] [ERROR] WebSocket connection to 'ws://localhost:5199/' failed: Error in connection establishment: net::ERR_CONNECTION_REFUSED @ http://localhost:5199/@vite/client:1034
[ 1101369ms] [ERROR] WebSocket connection to 'ws://localhost:5199/' failed: Error in connection establishment: net::ERR_CONNECTION_REFUSED @ http://localhost:5199/@vite/client:1034
[ 1105300ms] [ERROR] WebSocket connection to 'ws://localhost:5199/' failed: Error in connection establishment: net::ERR_CONNECTION_REFUSED @ http://localhost:5199/@vite/client:1034
[ 1110834ms] [ERROR] WebSocket connection to 'ws://localhost:5199/' failed: Error in connection establishment: net::ERR_CONNECTION_REFUSED @ http://localhost:5199/@vite/client:1034
[ 1113907ms] [ERROR] WebSocket connection to 'ws://localhost:5199/' failed: Error in connection establishment: net::ERR_CONNECTION_REFUSED @ http://localhost:5199/@vite/client:1034
[ 1118727ms] [ERROR] WebSocket connection to 'ws://localhost:5199/' failed: Error in connection establishment: net::ERR_CONNECTION_REFUSED @ http://localhost:5199/@vite/client:1034
[ 1124052ms] [ERROR] WebSocket connection to 'ws://localhost:5199/' failed: Error in connection establishment: net::ERR_CONNECTION_REFUSED @ http://localhost:5199/@vite/client:1034
[ 1129666ms] [ERROR] WebSocket connection to 'ws://localhost:5199/' failed: Error in connection establishment: net::ERR_CONNECTION_REFUSED @ http://localhost:5199/@vite/client:1034
[ 1133374ms] [ERROR] WebSocket connection to 'ws://localhost:5199/' failed: Error in connection establishment: net::ERR_CONNECTION_REFUSED @ http://localhost:5199/@vite/client:1034
[ 1135949ms] [ERROR] WebSocket connection to 'ws://localhost:5199/' failed: Error in connection establishment: net::ERR_CONNECTION_REFUSED @ http://localhost:5199/@vite/client:1034
[ 1139952ms] [ERROR] WebSocket connection to 'ws://localhost:5199/' failed: Error in connection establishment: net::ERR_CONNECTION_REFUSED @ http://localhost:5199/@vite/client:1034
[ 1142990ms] [ERROR] WebSocket connection to 'ws://localhost:5199/' failed: Error in connection establishment: net::ERR_CONNECTION_REFUSED @ http://localhost:5199/@vite/client:1034
[ 1146490ms] [ERROR] WebSocket connection to 'ws://localhost:5199/' failed: Error in connection establishment: net::ERR_CONNECTION_REFUSED @ http://localhost:5199/@vite/client:1034
[ 1149060ms] [ERROR] WebSocket connection to 'ws://localhost:5199/' failed: Error in connection establishment: net::ERR_CONNECTION_REFUSED @ http://localhost:5199/@vite/client:1034
[ 1154502ms] [ERROR] WebSocket connection to 'ws://localhost:5199/' failed: Error in connection establishment: net::ERR_CONNECTION_REFUSED @ http://localhost:5199/@vite/client:1034
[ 1160482ms] [ERROR] WebSocket connection to 'ws://localhost:5199/' failed: Error in connection establishment: net::ERR_CONNECTION_REFUSED @ http://localhost:5199/@vite/client:1034
[ 1164825ms] [ERROR] WebSocket connection to 'ws://localhost:5199/' failed: Error in connection establishment: net::ERR_CONNECTION_REFUSED @ http://localhost:5199/@vite/client:1034
[ 1168151ms] [INFO] %cDownload the React DevTools for a better development experience: https://react.dev/link/react-devtools font-weight:bold @ http://localhost:5199/node_modules/.vite/deps/react-dom_client.js?v=117172e7:20102
[ 1168171ms] [LOG] useGoalsData goal 24 @ http://localhost:5199/src/hooks/useGoalsData.ts:12
[ 1168172ms] [LOG] useGoalsData goal 24 @ http://localhost:5199/src/hooks/useGoalsData.ts:12
[ 1168343ms] [LOG] [Supabase] Connexion OK — livres récupérés : [] @ http://localhost:5199/src/supabase-client.ts:9
