[      50ms] [INFO] %cDownload the React DevTools for a better development experience: https://react.dev/link/react-devtools font-weight:bold @ http://localhost:5173/node_modules/.vite/deps/react-dom_client.js?v=cb5d6042:20102
[  575292ms] [ERROR] React has detected a change in the order of Hooks called by %s. This will lead to bugs and errors if not fixed. For more information, read the Rules of Hooks: https://react.dev/link/rules-of-hooks

   Previous render            Next render
   ------------------------------------------------------
%s   ^^^^^^^^^^^^^^^^^^^^^^^^^^^^^^^^^^^^^^^^^^^^^^^^^^^^^^
 App 1. useState                   useState
2. useMemo                    useEffect
 @ http://localhost:5173/node_modules/.vite/deps/react-dom_client.js?v=cb5d6042:5593
[  575295ms] Error: Rendered more hooks than during the previous render.
    at updateWorkInProgressHook (http://localhost:5173/node_modules/.vite/deps/react-dom_client.js?v=cb5d6042:5792:19)
    at updateMemo (http://localhost:5173/node_modules/.vite/deps/react-dom_client.js?v=cb5d6042:6540:20)
    at Object.useMemo (http://localhost:5173/node_modules/.vite/deps/react-dom_client.js?v=cb5d6042:18969:20)
    at exports.useMemo (http://localhost:5173/node_modules/.vite/deps/chunk-QGYBNTC6.js?v=cb5d6042:947:36)
    at useBooks (http://localhost:5173/src/hooks/useBooks.ts?t=1779274958253:25:18)
    at App (http://localhost:5173/src/App.tsx?t=1779274958253:28:29)
    at Object.react_stack_bottom_frame (http://localhost:5173/node_modules/.vite/deps/react-dom_client.js?v=cb5d6042:18509:20)
    at renderWithHooks (http://localhost:5173/node_modules/.vite/deps/react-dom_client.js?v=cb5d6042:5654:24)
    at updateFunctionComponent (http://localhost:5173/node_modules/.vite/deps/react-dom_client.js?v=cb5d6042:7475:21)
    at beginWork (http://localhost:5173/node_modules/.vite/deps/react-dom_client.js?v=cb5d6042:8525:20)
[  575295ms] [WARNING] %s

%s
 An error occurred in the <App> component. Consider adding an error boundary to your tree to customize error handling behavior.
Visit https://react.dev/link/error-boundaries to learn more about error boundaries. @ http://localhost:5173/node_modules/.vite/deps/react-dom_client.js?v=cb5d6042:6965
[  659611ms] [ERROR] Failed to load resource: the server responded with a status of 500 (Internal Server Error) @ http://localhost:5173/src/pages/DashboardPage.tsx?t=1779275042612:0
[  659611ms] [ERROR] [vite] Failed to reload /src/pages/DashboardPage.tsx. This could be due to syntax errors or importing non-existent modules. (see errors above) @ http://localhost:5173/@vite/client:881
[  665055ms] [ERROR] Failed to load resource: the server responded with a status of 500 (Internal Server Error) @ http://localhost:5173/src/pages/DashboardPage.tsx?t=1779275048054:0
[  665055ms] [ERROR] [vite] Failed to reload /src/pages/DashboardPage.tsx. This could be due to syntax errors or importing non-existent modules. (see errors above) @ http://localhost:5173/@vite/client:881
[  671707ms] [ERROR] Failed to load resource: the server responded with a status of 500 (Internal Server Error) @ http://localhost:5173/src/pages/DashboardPage.tsx?t=1779275054710:0
[  671707ms] [ERROR] [vite] Failed to reload /src/pages/DashboardPage.tsx. This could be due to syntax errors or importing non-existent modules. (see errors above) @ http://localhost:5173/@vite/client:881
[  734024ms] [INFO] %cDownload the React DevTools for a better development experience: https://react.dev/link/react-devtools font-weight:bold @ http://localhost:5173/node_modules/.vite/deps/react-dom_client.js?v=cb5d6042:20102
