[     497ms] [INFO] %cDownload the React DevTools for a better development experience: https://react.dev/link/react-devtools font-weight:bold @ http://localhost:5199/node_modules/.vite/deps/react-dom_client.js?v=117172e7:20102
[     940ms] [LOG] [Supabase] Connexion OK — livres récupérés : [] @ http://localhost:5199/src/supabase-client.ts:9
[   53445ms] [LOG] [vite] server connection lost. Polling for restart... @ http://localhost:5199/@vite/client:963
[   53446ms] [ERROR] WebSocket connection to 'ws://localhost:5199/' failed: Error in connection establishment: net::ERR_CONNECTION_REFUSED @ http://localhost:5199/@vite/client:1034
[   54448ms] [ERROR] WebSocket connection to 'ws://localhost:5199/' failed: Error in connection establishment: net::ERR_CONNECTION_REFUSED @ http://localhost:5199/@vite/client:1034
[   55451ms] [ERROR] WebSocket connection to 'ws://localhost:5199/' failed: Error in connection establishment: net::ERR_CONNECTION_REFUSED @ http://localhost:5199/@vite/client:1034
[   56454ms] [ERROR] WebSocket connection to 'ws://localhost:5199/' failed: Error in connection establishment: net::ERR_CONNECTION_REFUSED @ http://localhost:5199/@vite/client:1034
[   57457ms] [ERROR] WebSocket connection to 'ws://localhost:5199/' failed: Error in connection establishment: net::ERR_CONNECTION_REFUSED @ http://localhost:5199/@vite/client:1034
[   58461ms] [ERROR] WebSocket connection to 'ws://localhost:5199/' failed: Error in connection establishment: net::ERR_CONNECTION_REFUSED @ http://localhost:5199/@vite/client:1034
[   59464ms] [ERROR] WebSocket connection to 'ws://localhost:5199/' failed: Error in connection establishment: net::ERR_CONNECTION_REFUSED @ http://localhost:5199/@vite/client:1034
[   60467ms] [ERROR] WebSocket connection to 'ws://localhost:5199/' failed: Error in connection establishment: net::ERR_CONNECTION_REFUSED @ http://localhost:5199/@vite/client:1034
[   61472ms] [ERROR] WebSocket connection to 'ws://localhost:5199/' failed: Error in connection establishment: net::ERR_CONNECTION_REFUSED @ http://localhost:5199/@vite/client:1034
[   62478ms] [ERROR] WebSocket connection to 'ws://localhost:5199/' failed: Error in connection establishment: net::ERR_CONNECTION_REFUSED @ http://localhost:5199/@vite/client:1034
[   63484ms] [ERROR] WebSocket connection to 'ws://localhost:5199/' failed: Error in connection establishment: net::ERR_CONNECTION_REFUSED @ http://localhost:5199/@vite/client:1034
[   64491ms] [ERROR] WebSocket connection to 'ws://localhost:5199/' failed: Error in connection establishment: net::ERR_CONNECTION_REFUSED @ http://localhost:5199/@vite/client:1034
[   65500ms] [ERROR] WebSocket connection to 'ws://localhost:5199/' failed: Error in connection establishment: net::ERR_CONNECTION_REFUSED @ http://localhost:5199/@vite/client:1034
[   66511ms] [ERROR] WebSocket connection to 'ws://localhost:5199/' failed: Error in connection establishment: net::ERR_CONNECTION_REFUSED @ http://localhost:5199/@vite/client:1034
[   67536ms] [ERROR] WebSocket connection to 'ws://localhost:5199/' failed: Error in connection establishment: net::ERR_CONNECTION_REFUSED @ http://localhost:5199/@vite/client:1034
[   68560ms] [ERROR] WebSocket connection to 'ws://localhost:5199/' failed: Error in connection establishment: net::ERR_CONNECTION_REFUSED @ http://localhost:5199/@vite/client:1034
[   69586ms] [ERROR] WebSocket connection to 'ws://localhost:5199/' failed: Error in connection establishment: net::ERR_CONNECTION_REFUSED @ http://localhost:5199/@vite/client:1034
[   69726ms] [LOG] [Object, Object, Object, Object, Object, Object, Object, Object, Object, Object, Object, Object, Object, Object, Object, Object, Object, Object, Object, Object, Object, Object, Object, Object, Object, Object, Object, Object, Object, Object, Object, Object, Object, Object, Object, Object, Object, Object, Object, Object, Object, Object, Object, Object, Object] @ http://localhost:5199/src/hooks/useStatsData.ts:7
[   69727ms] [LOG] [Object, Object, Object, Object, Object, Object, Object, Object, Object, Object, Object, Object, Object, Object, Object, Object, Object, Object, Object, Object, Object, Object, Object, Object, Object, Object, Object, Object, Object, Object, Object, Object, Object, Object, Object, Object, Object, Object, Object, Object, Object, Object, Object, Object, Object] @ http://localhost:5199/src/hooks/useStatsData.ts:7
[   69742ms] [WARNING] The width(-1) and height(-1) of chart should be greater than 0,
       please check the style of container, or the props width(100%) and height(100%),
       or add a minWidth(0) or minHeight(undefined) or use aspect(undefined) to control the
       height and width. @ http://localhost:5199/node_modules/.vite/deps/recharts.js?v=117172e7:9122
[   69742ms] [WARNING] The width(-1) and height(-1) of chart should be greater than 0,
       please check the style of container, or the props width(100%) and height(100%),
       or add a minWidth(0) or minHeight(undefined) or use aspect(undefined) to control the
       height and width. @ http://localhost:5199/node_modules/.vite/deps/recharts.js?v=117172e7:9122
[   70141ms] [LOG] [Object, Object, Object, Object, Object, Object, Object, Object, Object, Object, Object, Object, Object, Object, Object, Object, Object, Object, Object, Object, Object, Object, Object, Object, Object, Object, Object, Object, Object, Object, Object, Object, Object, Object, Object, Object, Object, Object, Object, Object, Object, Object, Object, Object, Object] @ http://localhost:5199/src/hooks/useStatsData.ts:7
[   70142ms] [LOG] [Object, Object, Object, Object, Object, Object, Object, Object, Object, Object, Object, Object, Object, Object, Object, Object, Object, Object, Object, Object, Object, Object, Object, Object, Object, Object, Object, Object, Object, Object, Object, Object, Object, Object, Object, Object, Object, Object, Object, Object, Object, Object, Object, Object, Object] @ http://localhost:5199/src/hooks/useStatsData.ts:7
[   70606ms] [ERROR] WebSocket connection to 'ws://localhost:5199/' failed: Error in connection establishment: net::ERR_CONNECTION_REFUSED @ http://localhost:5199/@vite/client:1034
[   71663ms] [ERROR] WebSocket connection to 'ws://localhost:5199/' failed: Error in connection establishment: net::ERR_CONNECTION_REFUSED @ http://localhost:5199/@vite/client:1034
[   72719ms] [ERROR] WebSocket connection to 'ws://localhost:5199/' failed: Error in connection establishment: net::ERR_CONNECTION_REFUSED @ http://localhost:5199/@vite/client:1034
[   73769ms] [ERROR] WebSocket connection to 'ws://localhost:5199/' failed: Error in connection establishment: net::ERR_CONNECTION_REFUSED @ http://localhost:5199/@vite/client:1034
[   74914ms] [ERROR] WebSocket connection to 'ws://localhost:5199/' failed: Error in connection establishment: net::ERR_CONNECTION_REFUSED @ http://localhost:5199/@vite/client:1034
[   76124ms] [ERROR] WebSocket connection to 'ws://localhost:5199/' failed: Error in connection establishment: net::ERR_CONNECTION_REFUSED @ http://localhost:5199/@vite/client:1034
[   77228ms] [ERROR] WebSocket connection to 'ws://localhost:5199/' failed: Error in connection establishment: net::ERR_CONNECTION_REFUSED @ http://localhost:5199/@vite/client:1034
[   78572ms] [ERROR] WebSocket connection to 'ws://localhost:5199/' failed: Error in connection establishment: net::ERR_CONNECTION_REFUSED @ http://localhost:5199/@vite/client:1034
[   79950ms] [ERROR] WebSocket connection to 'ws://localhost:5199/' failed: Error in connection establishment: net::ERR_CONNECTION_REFUSED @ http://localhost:5199/@vite/client:1034
[   81698ms] [ERROR] WebSocket connection to 'ws://localhost:5199/' failed: Error in connection establishment: net::ERR_CONNECTION_REFUSED @ http://localhost:5199/@vite/client:1034
[   82979ms] [ERROR] WebSocket connection to 'ws://localhost:5199/' failed: Error in connection establishment: net::ERR_CONNECTION_REFUSED @ http://localhost:5199/@vite/client:1034
[   84508ms] [ERROR] WebSocket connection to 'ws://localhost:5199/' failed: Error in connection establishment: net::ERR_CONNECTION_REFUSED @ http://localhost:5199/@vite/client:1034
[   87486ms] [ERROR] WebSocket connection to 'ws://localhost:5199/' failed: Error in connection establishment: net::ERR_CONNECTION_REFUSED @ http://localhost:5199/@vite/client:1034
[   91928ms] [ERROR] WebSocket connection to 'ws://localhost:5199/' failed: Error in connection establishment: net::ERR_CONNECTION_REFUSED @ http://localhost:5199/@vite/client:1034
[   97286ms] [ERROR] WebSocket connection to 'ws://localhost:5199/' failed: Error in connection establishment: net::ERR_CONNECTION_REFUSED @ http://localhost:5199/@vite/client:1034
[  101928ms] [ERROR] WebSocket connection to 'ws://localhost:5199/' failed: Error in connection establishment: net::ERR_CONNECTION_REFUSED @ http://localhost:5199/@vite/client:1034
[  104484ms] [ERROR] WebSocket connection to 'ws://localhost:5199/' failed: Error in connection establishment: net::ERR_CONNECTION_REFUSED @ http://localhost:5199/@vite/client:1034
[  107852ms] [ERROR] WebSocket connection to 'ws://localhost:5199/' failed: Error in connection establishment: net::ERR_CONNECTION_REFUSED @ http://localhost:5199/@vite/client:1034
[  110587ms] [ERROR] WebSocket connection to 'ws://localhost:5199/' failed: Error in connection establishment: net::ERR_CONNECTION_REFUSED @ http://localhost:5199/@vite/client:1034
[  112986ms] [ERROR] WebSocket connection to 'ws://localhost:5199/' failed: Error in connection establishment: net::ERR_CONNECTION_REFUSED @ http://localhost:5199/@vite/client:1034
[  117986ms] [ERROR] WebSocket connection to 'ws://localhost:5199/' failed: Error in connection establishment: net::ERR_CONNECTION_REFUSED @ http://localhost:5199/@vite/client:1034
[  120036ms] [ERROR] WebSocket connection to 'ws://localhost:5199/' failed: Error in connection establishment: net::ERR_CONNECTION_REFUSED @ http://localhost:5199/@vite/client:1034
[  122218ms] [ERROR] WebSocket connection to 'ws://localhost:5199/' failed: Error in connection establishment: net::ERR_CONNECTION_REFUSED @ http://localhost:5199/@vite/client:1034
[  124631ms] [ERROR] WebSocket connection to 'ws://localhost:5199/' failed: Error in connection establishment: net::ERR_CONNECTION_REFUSED @ http://localhost:5199/@vite/client:1034
[  129953ms] [ERROR] WebSocket connection to 'ws://localhost:5199/' failed: Error in connection establishment: net::ERR_CONNECTION_REFUSED @ http://localhost:5199/@vite/client:1034
[  132970ms] [ERROR] WebSocket connection to 'ws://localhost:5199/' failed: Error in connection establishment: net::ERR_CONNECTION_REFUSED @ http://localhost:5199/@vite/client:1034
[  137628ms] [ERROR] WebSocket connection to 'ws://localhost:5199/' failed: Error in connection establishment: net::ERR_CONNECTION_REFUSED @ http://localhost:5199/@vite/client:1034
[  142413ms] [ERROR] WebSocket connection to 'ws://localhost:5199/' failed: Error in connection establishment: net::ERR_CONNECTION_REFUSED @ http://localhost:5199/@vite/client:1034
[  145361ms] [ERROR] WebSocket connection to 'ws://localhost:5199/' failed: Error in connection establishment: net::ERR_CONNECTION_REFUSED @ http://localhost:5199/@vite/client:1034
[  149545ms] [ERROR] WebSocket connection to 'ws://localhost:5199/' failed: Error in connection establishment: net::ERR_CONNECTION_REFUSED @ http://localhost:5199/@vite/client:1034
[  151777ms] [ERROR] WebSocket connection to 'ws://localhost:5199/' failed: Error in connection establishment: net::ERR_CONNECTION_REFUSED @ http://localhost:5199/@vite/client:1034
[  156568ms] [ERROR] WebSocket connection to 'ws://localhost:5199/' failed: Error in connection establishment: net::ERR_CONNECTION_REFUSED @ http://localhost:5199/@vite/client:1034
[  159719ms] [ERROR] WebSocket connection to 'ws://localhost:5199/' failed: Error in connection establishment: net::ERR_CONNECTION_REFUSED @ http://localhost:5199/@vite/client:1034
[  162406ms] [ERROR] WebSocket connection to 'ws://localhost:5199/' failed: Error in connection establishment: net::ERR_CONNECTION_REFUSED @ http://localhost:5199/@vite/client:1034
[  167744ms] [ERROR] WebSocket connection to 'ws://localhost:5199/' failed: Error in connection establishment: net::ERR_CONNECTION_REFUSED @ http://localhost:5199/@vite/client:1034
[  173294ms] [ERROR] WebSocket connection to 'ws://localhost:5199/' failed: Error in connection establishment: net::ERR_CONNECTION_REFUSED @ http://localhost:5199/@vite/client:1034
[  176726ms] [ERROR] WebSocket connection to 'ws://localhost:5199/' failed: Error in connection establishment: net::ERR_CONNECTION_REFUSED @ http://localhost:5199/@vite/client:1034
[  180840ms] [ERROR] WebSocket connection to 'ws://localhost:5199/' failed: Error in connection establishment: net::ERR_CONNECTION_REFUSED @ http://localhost:5199/@vite/client:1034
[  185702ms] [ERROR] WebSocket connection to 'ws://localhost:5199/' failed: Error in connection establishment: net::ERR_CONNECTION_REFUSED @ http://localhost:5199/@vite/client:1034
[  188810ms] [ERROR] WebSocket connection to 'ws://localhost:5199/' failed: Error in connection establishment: net::ERR_CONNECTION_REFUSED @ http://localhost:5199/@vite/client:1034
[  191043ms] [ERROR] WebSocket connection to 'ws://localhost:5199/' failed: Error in connection establishment: net::ERR_CONNECTION_REFUSED @ http://localhost:5199/@vite/client:1034
[  193086ms] [ERROR] WebSocket connection to 'ws://localhost:5199/' failed: Error in connection establishment: net::ERR_CONNECTION_REFUSED @ http://localhost:5199/@vite/client:1034
[  196136ms] [ERROR] WebSocket connection to 'ws://localhost:5199/' failed: Error in connection establishment: net::ERR_CONNECTION_REFUSED @ http://localhost:5199/@vite/client:1034
[  200658ms] [ERROR] WebSocket connection to 'ws://localhost:5199/' failed: Error in connection establishment: net::ERR_CONNECTION_REFUSED @ http://localhost:5199/@vite/client:1034
[  205514ms] [ERROR] WebSocket connection to 'ws://localhost:5199/' failed: Error in connection establishment: net::ERR_CONNECTION_REFUSED @ http://localhost:5199/@vite/client:1034
[  207894ms] [ERROR] WebSocket connection to 'ws://localhost:5199/' failed: Error in connection establishment: net::ERR_CONNECTION_REFUSED @ http://localhost:5199/@vite/client:1034
[  213514ms] [ERROR] WebSocket connection to 'ws://localhost:5199/' failed: Error in connection establishment: net::ERR_CONNECTION_REFUSED @ http://localhost:5199/@vite/client:1034
[  219311ms] [ERROR] WebSocket connection to 'ws://localhost:5199/' failed: Error in connection establishment: net::ERR_CONNECTION_REFUSED @ http://localhost:5199/@vite/client:1034
[  223835ms] [ERROR] WebSocket connection to 'ws://localhost:5199/' failed: Error in connection establishment: net::ERR_CONNECTION_REFUSED @ http://localhost:5199/@vite/client:1034
[  228750ms] [ERROR] WebSocket connection to 'ws://localhost:5199/' failed: Error in connection establishment: net::ERR_CONNECTION_REFUSED @ http://localhost:5199/@vite/client:1034
[  234619ms] [ERROR] WebSocket connection to 'ws://localhost:5199/' failed: Error in connection establishment: net::ERR_CONNECTION_REFUSED @ http://localhost:5199/@vite/client:1034
[  237350ms] [ERROR] WebSocket connection to 'ws://localhost:5199/' failed: Error in connection establishment: net::ERR_CONNECTION_REFUSED @ http://localhost:5199/@vite/client:1034
[  242227ms] [ERROR] WebSocket connection to 'ws://localhost:5199/' failed: Error in connection establishment: net::ERR_CONNECTION_REFUSED @ http://localhost:5199/@vite/client:1034
[  246125ms] [ERROR] WebSocket connection to 'ws://localhost:5199/' failed: Error in connection establishment: net::ERR_CONNECTION_REFUSED @ http://localhost:5199/@vite/client:1034
[  249025ms] [ERROR] WebSocket connection to 'ws://localhost:5199/' failed: Error in connection establishment: net::ERR_CONNECTION_REFUSED @ http://localhost:5199/@vite/client:1034
[  253019ms] [ERROR] WebSocket connection to 'ws://localhost:5199/' failed: Error in connection establishment: net::ERR_CONNECTION_REFUSED @ http://localhost:5199/@vite/client:1034
[  258711ms] [ERROR] WebSocket connection to 'ws://localhost:5199/' failed: Error in connection establishment: net::ERR_CONNECTION_REFUSED @ http://localhost:5199/@vite/client:1034
[  264659ms] [ERROR] WebSocket connection to 'ws://localhost:5199/' failed: Error in connection establishment: net::ERR_CONNECTION_REFUSED @ http://localhost:5199/@vite/client:1034
[  268835ms] [ERROR] WebSocket connection to 'ws://localhost:5199/' failed: Error in connection establishment: net::ERR_CONNECTION_REFUSED @ http://localhost:5199/@vite/client:1034
[  274116ms] [ERROR] WebSocket connection to 'ws://localhost:5199/' failed: Error in connection establishment: net::ERR_CONNECTION_REFUSED @ http://localhost:5199/@vite/client:1034
[  276150ms] [ERROR] WebSocket connection to 'ws://localhost:5199/' failed: Error in connection establishment: net::ERR_CONNECTION_REFUSED @ http://localhost:5199/@vite/client:1034
[  278636ms] [ERROR] WebSocket connection to 'ws://localhost:5199/' failed: Error in connection establishment: net::ERR_CONNECTION_REFUSED @ http://localhost:5199/@vite/client:1034
[  282735ms] [ERROR] WebSocket connection to 'ws://localhost:5199/' failed: Error in connection establishment: net::ERR_CONNECTION_REFUSED @ http://localhost:5199/@vite/client:1034
[  285757ms] [ERROR] WebSocket connection to 'ws://localhost:5199/' failed: Error in connection establishment: net::ERR_CONNECTION_REFUSED @ http://localhost:5199/@vite/client:1034
[  290894ms] [ERROR] WebSocket connection to 'ws://localhost:5199/' failed: Error in connection establishment: net::ERR_CONNECTION_REFUSED @ http://localhost:5199/@vite/client:1034
[  293226ms] [ERROR] WebSocket connection to 'ws://localhost:5199/' failed: Error in connection establishment: net::ERR_CONNECTION_REFUSED @ http://localhost:5199/@vite/client:1034
[  297199ms] [ERROR] WebSocket connection to 'ws://localhost:5199/' failed: Error in connection establishment: net::ERR_CONNECTION_REFUSED @ http://localhost:5199/@vite/client:1034
[  301118ms] [ERROR] WebSocket connection to 'ws://localhost:5199/' failed: Error in connection establishment: net::ERR_CONNECTION_REFUSED @ http://localhost:5199/@vite/client:1034
[  305543ms] [ERROR] WebSocket connection to 'ws://localhost:5199/' failed: Error in connection establishment: net::ERR_CONNECTION_REFUSED @ http://localhost:5199/@vite/client:1034
[  308882ms] [ERROR] WebSocket connection to 'ws://localhost:5199/' failed: Error in connection establishment: net::ERR_CONNECTION_REFUSED @ http://localhost:5199/@vite/client:1034
[  311001ms] [ERROR] WebSocket connection to 'ws://localhost:5199/' failed: Error in connection establishment: net::ERR_CONNECTION_REFUSED @ http://localhost:5199/@vite/client:1034
[  314293ms] [ERROR] WebSocket connection to 'ws://localhost:5199/' failed: Error in connection establishment: net::ERR_CONNECTION_REFUSED @ http://localhost:5199/@vite/client:1034
[  317245ms] [ERROR] WebSocket connection to 'ws://localhost:5199/' failed: Error in connection establishment: net::ERR_CONNECTION_REFUSED @ http://localhost:5199/@vite/client:1034
[  323239ms] [ERROR] WebSocket connection to 'ws://localhost:5199/' failed: Error in connection establishment: net::ERR_CONNECTION_REFUSED @ http://localhost:5199/@vite/client:1034
[  327543ms] [ERROR] WebSocket connection to 'ws://localhost:5199/' failed: Error in connection establishment: net::ERR_CONNECTION_REFUSED @ http://localhost:5199/@vite/client:1034
[  330494ms] [ERROR] WebSocket connection to 'ws://localhost:5199/' failed: Error in connection establishment: net::ERR_CONNECTION_REFUSED @ http://localhost:5199/@vite/client:1034
[  332761ms] [ERROR] WebSocket connection to 'ws://localhost:5199/' failed: Error in connection establishment: net::ERR_CONNECTION_REFUSED @ http://localhost:5199/@vite/client:1034
[  335360ms] [ERROR] WebSocket connection to 'ws://localhost:5199/' failed: Error in connection establishment: net::ERR_CONNECTION_REFUSED @ http://localhost:5199/@vite/client:1034
[  338768ms] [ERROR] WebSocket connection to 'ws://localhost:5199/' failed: Error in connection establishment: net::ERR_CONNECTION_REFUSED @ http://localhost:5199/@vite/client:1034
[  344569ms] [ERROR] WebSocket connection to 'ws://localhost:5199/' failed: Error in connection establishment: net::ERR_CONNECTION_REFUSED @ http://localhost:5199/@vite/client:1034
[  348764ms] [ERROR] WebSocket connection to 'ws://localhost:5199/' failed: Error in connection establishment: net::ERR_CONNECTION_REFUSED @ http://localhost:5199/@vite/client:1034
[  352576ms] [ERROR] WebSocket connection to 'ws://localhost:5199/' failed: Error in connection establishment: net::ERR_CONNECTION_REFUSED @ http://localhost:5199/@vite/client:1034
[  355541ms] [ERROR] WebSocket connection to 'ws://localhost:5199/' failed: Error in connection establishment: net::ERR_CONNECTION_REFUSED @ http://localhost:5199/@vite/client:1034
[  358749ms] [ERROR] WebSocket connection to 'ws://localhost:5199/' failed: Error in connection establishment: net::ERR_CONNECTION_REFUSED @ http://localhost:5199/@vite/client:1034
[  364432ms] [ERROR] WebSocket connection to 'ws://localhost:5199/' failed: Error in connection establishment: net::ERR_CONNECTION_REFUSED @ http://localhost:5199/@vite/client:1034
[  369769ms] [ERROR] WebSocket connection to 'ws://localhost:5199/' failed: Error in connection establishment: net::ERR_CONNECTION_REFUSED @ http://localhost:5199/@vite/client:1034
[  373329ms] [ERROR] WebSocket connection to 'ws://localhost:5199/' failed: Error in connection establishment: net::ERR_CONNECTION_REFUSED @ http://localhost:5199/@vite/client:1034
[  375586ms] [ERROR] WebSocket connection to 'ws://localhost:5199/' failed: Error in connection establishment: net::ERR_CONNECTION_REFUSED @ http://localhost:5199/@vite/client:1034
[  378059ms] [ERROR] WebSocket connection to 'ws://localhost:5199/' failed: Error in connection establishment: net::ERR_CONNECTION_REFUSED @ http://localhost:5199/@vite/client:1034
[  380990ms] [ERROR] WebSocket connection to 'ws://localhost:5199/' failed: Error in connection establishment: net::ERR_CONNECTION_REFUSED @ http://localhost:5199/@vite/client:1034
[  385157ms] [ERROR] WebSocket connection to 'ws://localhost:5199/' failed: Error in connection establishment: net::ERR_CONNECTION_REFUSED @ http://localhost:5199/@vite/client:1034
[  389213ms] [ERROR] WebSocket connection to 'ws://localhost:5199/' failed: Error in connection establishment: net::ERR_CONNECTION_REFUSED @ http://localhost:5199/@vite/client:1034
[  393617ms] [ERROR] WebSocket connection to 'ws://localhost:5199/' failed: Error in connection establishment: net::ERR_CONNECTION_REFUSED @ http://localhost:5199/@vite/client:1034
[  399606ms] [ERROR] WebSocket connection to 'ws://localhost:5199/' failed: Error in connection establishment: net::ERR_CONNECTION_REFUSED @ http://localhost:5199/@vite/client:1034
[  404327ms] [ERROR] WebSocket connection to 'ws://localhost:5199/' failed: Error in connection establishment: net::ERR_CONNECTION_REFUSED @ http://localhost:5199/@vite/client:1034
[  408940ms] [ERROR] WebSocket connection to 'ws://localhost:5199/' failed: Error in connection establishment: net::ERR_CONNECTION_REFUSED @ http://localhost:5199/@vite/client:1034
[  414645ms] [ERROR] WebSocket connection to 'ws://localhost:5199/' failed: Error in connection establishment: net::ERR_CONNECTION_REFUSED @ http://localhost:5199/@vite/client:1034
[  419470ms] [ERROR] WebSocket connection to 'ws://localhost:5199/' failed: Error in connection establishment: net::ERR_CONNECTION_REFUSED @ http://localhost:5199/@vite/client:1034
[  425132ms] [ERROR] WebSocket connection to 'ws://localhost:5199/' failed: Error in connection establishment: net::ERR_CONNECTION_REFUSED @ http://localhost:5199/@vite/client:1034
[  427568ms] [ERROR] WebSocket connection to 'ws://localhost:5199/' failed: Error in connection establishment: net::ERR_CONNECTION_REFUSED @ http://localhost:5199/@vite/client:1034
[  430259ms] [ERROR] WebSocket connection to 'ws://localhost:5199/' failed: Error in connection establishment: net::ERR_CONNECTION_REFUSED @ http://localhost:5199/@vite/client:1034
[  432334ms] [ERROR] WebSocket connection to 'ws://localhost:5199/' failed: Error in connection establishment: net::ERR_CONNECTION_REFUSED @ http://localhost:5199/@vite/client:1034
[  436629ms] [ERROR] WebSocket connection to 'ws://localhost:5199/' failed: Error in connection establishment: net::ERR_CONNECTION_REFUSED @ http://localhost:5199/@vite/client:1034
[  439341ms] [ERROR] WebSocket connection to 'ws://localhost:5199/' failed: Error in connection establishment: net::ERR_CONNECTION_REFUSED @ http://localhost:5199/@vite/client:1034
[  442035ms] [ERROR] WebSocket connection to 'ws://localhost:5199/' failed: Error in connection establishment: net::ERR_CONNECTION_REFUSED @ http://localhost:5199/@vite/client:1034
[  446953ms] [ERROR] WebSocket connection to 'ws://localhost:5199/' failed: Error in connection establishment: net::ERR_CONNECTION_REFUSED @ http://localhost:5199/@vite/client:1034
[  450973ms] [ERROR] WebSocket connection to 'ws://localhost:5199/' failed: Error in connection establishment: net::ERR_CONNECTION_REFUSED @ http://localhost:5199/@vite/client:1034
[  456972ms] [ERROR] WebSocket connection to 'ws://localhost:5199/' failed: Error in connection establishment: net::ERR_CONNECTION_REFUSED @ http://localhost:5199/@vite/client:1034
[  461726ms] [ERROR] WebSocket connection to 'ws://localhost:5199/' failed: Error in connection establishment: net::ERR_CONNECTION_REFUSED @ http://localhost:5199/@vite/client:1034
[  463792ms] [ERROR] WebSocket connection to 'ws://localhost:5199/' failed: Error in connection establishment: net::ERR_CONNECTION_REFUSED @ http://localhost:5199/@vite/client:1034
[  468576ms] [ERROR] WebSocket connection to 'ws://localhost:5199/' failed: Error in connection establishment: net::ERR_CONNECTION_REFUSED @ http://localhost:5199/@vite/client:1034
[  471410ms] [ERROR] WebSocket connection to 'ws://localhost:5199/' failed: Error in connection establishment: net::ERR_CONNECTION_REFUSED @ http://localhost:5199/@vite/client:1034
[  473640ms] [ERROR] WebSocket connection to 'ws://localhost:5199/' failed: Error in connection establishment: net::ERR_CONNECTION_REFUSED @ http://localhost:5199/@vite/client:1034
[  477585ms] [ERROR] WebSocket connection to 'ws://localhost:5199/' failed: Error in connection establishment: net::ERR_CONNECTION_REFUSED @ http://localhost:5199/@vite/client:1034
[  481649ms] [ERROR] WebSocket connection to 'ws://localhost:5199/' failed: Error in connection establishment: net::ERR_CONNECTION_REFUSED @ http://localhost:5199/@vite/client:1034
[  486144ms] [ERROR] WebSocket connection to 'ws://localhost:5199/' failed: Error in connection establishment: net::ERR_CONNECTION_REFUSED @ http://localhost:5199/@vite/client:1034
[  489635ms] [ERROR] WebSocket connection to 'ws://localhost:5199/' failed: Error in connection establishment: net::ERR_CONNECTION_REFUSED @ http://localhost:5199/@vite/client:1034
[  495193ms] [ERROR] WebSocket connection to 'ws://localhost:5199/' failed: Error in connection establishment: net::ERR_CONNECTION_REFUSED @ http://localhost:5199/@vite/client:1034
[  497749ms] [ERROR] WebSocket connection to 'ws://localhost:5199/' failed: Error in connection establishment: net::ERR_CONNECTION_REFUSED @ http://localhost:5199/@vite/client:1034
[  500635ms] [ERROR] WebSocket connection to 'ws://localhost:5199/' failed: Error in connection establishment: net::ERR_CONNECTION_REFUSED @ http://localhost:5199/@vite/client:1034
[  504975ms] [ERROR] WebSocket connection to 'ws://localhost:5199/' failed: Error in connection establishment: net::ERR_CONNECTION_REFUSED @ http://localhost:5199/@vite/client:1034
[  507784ms] [ERROR] WebSocket connection to 'ws://localhost:5199/' failed: Error in connection establishment: net::ERR_CONNECTION_REFUSED @ http://localhost:5199/@vite/client:1034
[  511376ms] [ERROR] WebSocket connection to 'ws://localhost:5199/' failed: Error in connection establishment: net::ERR_CONNECTION_REFUSED @ http://localhost:5199/@vite/client:1034
[  513512ms] [ERROR] WebSocket connection to 'ws://localhost:5199/' failed: Error in connection establishment: net::ERR_CONNECTION_REFUSED @ http://localhost:5199/@vite/client:1034
[  518799ms] [ERROR] WebSocket connection to 'ws://localhost:5199/' failed: Error in connection establishment: net::ERR_CONNECTION_REFUSED @ http://localhost:5199/@vite/client:1034
[  523358ms] [ERROR] WebSocket connection to 'ws://localhost:5199/' failed: Error in connection establishment: net::ERR_CONNECTION_REFUSED @ http://localhost:5199/@vite/client:1034
[  525668ms] [ERROR] WebSocket connection to 'ws://localhost:5199/' failed: Error in connection establishment: net::ERR_CONNECTION_REFUSED @ http://localhost:5199/@vite/client:1034
[  531634ms] [ERROR] WebSocket connection to 'ws://localhost:5199/' failed: Error in connection establishment: net::ERR_CONNECTION_REFUSED @ http://localhost:5199/@vite/client:1034
[  533940ms] [ERROR] WebSocket connection to 'ws://localhost:5199/' failed: Error in connection establishment: net::ERR_CONNECTION_REFUSED @ http://localhost:5199/@vite/client:1034
[  539103ms] [ERROR] WebSocket connection to 'ws://localhost:5199/' failed: Error in connection establishment: net::ERR_CONNECTION_REFUSED @ http://localhost:5199/@vite/client:1034
[  544242ms] [ERROR] WebSocket connection to 'ws://localhost:5199/' failed: Error in connection establishment: net::ERR_CONNECTION_REFUSED @ http://localhost:5199/@vite/client:1034
[  550020ms] [ERROR] WebSocket connection to 'ws://localhost:5199/' failed: Error in connection establishment: net::ERR_CONNECTION_REFUSED @ http://localhost:5199/@vite/client:1034
[  554758ms] [ERROR] WebSocket connection to 'ws://localhost:5199/' failed: Error in connection establishment: net::ERR_CONNECTION_REFUSED @ http://localhost:5199/@vite/client:1034
[  556912ms] [ERROR] WebSocket connection to 'ws://localhost:5199/' failed: Error in connection establishment: net::ERR_CONNECTION_REFUSED @ http://localhost:5199/@vite/client:1034
[  559042ms] [ERROR] WebSocket connection to 'ws://localhost:5199/' failed: Error in connection establishment: net::ERR_CONNECTION_REFUSED @ http://localhost:5199/@vite/client:1034
[  561101ms] [ERROR] WebSocket connection to 'ws://localhost:5199/' failed: Error in connection establishment: net::ERR_CONNECTION_REFUSED @ http://localhost:5199/@vite/client:1034
[  566310ms] [ERROR] WebSocket connection to 'ws://localhost:5199/' failed: Error in connection establishment: net::ERR_CONNECTION_REFUSED @ http://localhost:5199/@vite/client:1034
[  571155ms] [ERROR] WebSocket connection to 'ws://localhost:5199/' failed: Error in connection establishment: net::ERR_CONNECTION_REFUSED @ http://localhost:5199/@vite/client:1034
[  576740ms] [ERROR] WebSocket connection to 'ws://localhost:5199/' failed: Error in connection establishment: net::ERR_CONNECTION_REFUSED @ http://localhost:5199/@vite/client:1034
[  582143ms] [ERROR] WebSocket connection to 'ws://localhost:5199/' failed: Error in connection establishment: net::ERR_CONNECTION_REFUSED @ http://localhost:5199/@vite/client:1034
[  585239ms] [ERROR] WebSocket connection to 'ws://localhost:5199/' failed: Error in connection establishment: net::ERR_CONNECTION_REFUSED @ http://localhost:5199/@vite/client:1034
[  590375ms] [ERROR] WebSocket connection to 'ws://localhost:5199/' failed: Error in connection establishment: net::ERR_CONNECTION_REFUSED @ http://localhost:5199/@vite/client:1034
[  593758ms] [ERROR] WebSocket connection to 'ws://localhost:5199/' failed: Error in connection establishment: net::ERR_CONNECTION_REFUSED @ http://localhost:5199/@vite/client:1034
[  595912ms] [ERROR] WebSocket connection to 'ws://localhost:5199/' failed: Error in connection establishment: net::ERR_CONNECTION_REFUSED @ http://localhost:5199/@vite/client:1034
[  599186ms] [ERROR] WebSocket connection to 'ws://localhost:5199/' failed: Error in connection establishment: net::ERR_CONNECTION_REFUSED @ http://localhost:5199/@vite/client:1034
[  600190ms] [ERROR] WebSocket connection to 'ws://localhost:5199/' failed: Error in connection establishment: net::ERR_CONNECTION_REFUSED @ http://localhost:5199/@vite/client:1034
[  601193ms] [ERROR] WebSocket connection to 'ws://localhost:5199/' failed: Error in connection establishment: net::ERR_CONNECTION_REFUSED @ http://localhost:5199/@vite/client:1034
[  602196ms] [ERROR] WebSocket connection to 'ws://localhost:5199/' failed: Error in connection establishment: net::ERR_CONNECTION_REFUSED @ http://localhost:5199/@vite/client:1034
[  603200ms] [ERROR] WebSocket connection to 'ws://localhost:5199/' failed: Error in connection establishment: net::ERR_CONNECTION_REFUSED @ http://localhost:5199/@vite/client:1034
[  604204ms] [ERROR] WebSocket connection to 'ws://localhost:5199/' failed: Error in connection establishment: net::ERR_CONNECTION_REFUSED @ http://localhost:5199/@vite/client:1034
[  605211ms] [ERROR] WebSocket connection to 'ws://localhost:5199/' failed: Error in connection establishment: net::ERR_CONNECTION_REFUSED @ http://localhost:5199/@vite/client:1034
[  606217ms] [ERROR] WebSocket connection to 'ws://localhost:5199/' failed: Error in connection establishment: net::ERR_CONNECTION_REFUSED @ http://localhost:5199/@vite/client:1034
[  607224ms] [ERROR] WebSocket connection to 'ws://localhost:5199/' failed: Error in connection establishment: net::ERR_CONNECTION_REFUSED @ http://localhost:5199/@vite/client:1034
[  608252ms] [ERROR] WebSocket connection to 'ws://localhost:5199/' failed: Error in connection establishment: net::ERR_CONNECTION_REFUSED @ http://localhost:5199/@vite/client:1034
[  609299ms] [ERROR] WebSocket connection to 'ws://localhost:5199/' failed: Error in connection establishment: net::ERR_CONNECTION_REFUSED @ http://localhost:5199/@vite/client:1034
[  610343ms] [ERROR] WebSocket connection to 'ws://localhost:5199/' failed: Error in connection establishment: net::ERR_CONNECTION_REFUSED @ http://localhost:5199/@vite/client:1034
[  611534ms] [ERROR] WebSocket connection to 'ws://localhost:5199/' failed: Error in connection establishment: net::ERR_CONNECTION_REFUSED @ http://localhost:5199/@vite/client:1034
[  612976ms] [ERROR] WebSocket connection to 'ws://localhost:5199/' failed: Error in connection establishment: net::ERR_CONNECTION_REFUSED @ http://localhost:5199/@vite/client:1034
[  615010ms] [ERROR] WebSocket connection to 'ws://localhost:5199/' failed: Error in connection establishment: net::ERR_CONNECTION_REFUSED @ http://localhost:5199/@vite/client:1034
[  616910ms] [ERROR] WebSocket connection to 'ws://localhost:5199/' failed: Error in connection establishment: net::ERR_CONNECTION_REFUSED @ http://localhost:5199/@vite/client:1034
[  620426ms] [ERROR] WebSocket connection to 'ws://localhost:5199/' failed: Error in connection establishment: net::ERR_CONNECTION_REFUSED @ http://localhost:5199/@vite/client:1034
[  623507ms] [ERROR] WebSocket connection to 'ws://localhost:5199/' failed: Error in connection establishment: net::ERR_CONNECTION_REFUSED @ http://localhost:5199/@vite/client:1034
[  627518ms] [ERROR] WebSocket connection to 'ws://localhost:5199/' failed: Error in connection establishment: net::ERR_CONNECTION_REFUSED @ http://localhost:5199/@vite/client:1034
[  632980ms] [ERROR] WebSocket connection to 'ws://localhost:5199/' failed: Error in connection establishment: net::ERR_CONNECTION_REFUSED @ http://localhost:5199/@vite/client:1034
[  637326ms] [ERROR] WebSocket connection to 'ws://localhost:5199/' failed: Error in connection establishment: net::ERR_CONNECTION_REFUSED @ http://localhost:5199/@vite/client:1034
[  642725ms] [ERROR] WebSocket connection to 'ws://localhost:5199/' failed: Error in connection establishment: net::ERR_CONNECTION_REFUSED @ http://localhost:5199/@vite/client:1034
[  645960ms] [ERROR] WebSocket connection to 'ws://localhost:5199/' failed: Error in connection establishment: net::ERR_CONNECTION_REFUSED @ http://localhost:5199/@vite/client:1034
[  649376ms] [ERROR] WebSocket connection to 'ws://localhost:5199/' failed: Error in connection establishment: net::ERR_CONNECTION_REFUSED @ http://localhost:5199/@vite/client:1034
[  653493ms] [ERROR] WebSocket connection to 'ws://localhost:5199/' failed: Error in connection establishment: net::ERR_CONNECTION_REFUSED @ http://localhost:5199/@vite/client:1034
[  658864ms] [ERROR] WebSocket connection to 'ws://localhost:5199/' failed: Error in connection establishment: net::ERR_CONNECTION_REFUSED @ http://localhost:5199/@vite/client:1034
[  661159ms] [ERROR] WebSocket connection to 'ws://localhost:5199/' failed: Error in connection establishment: net::ERR_CONNECTION_REFUSED @ http://localhost:5199/@vite/client:1034
[  664806ms] [ERROR] WebSocket connection to 'ws://localhost:5199/' failed: Error in connection establishment: net::ERR_CONNECTION_REFUSED @ http://localhost:5199/@vite/client:1034
[  670360ms] [ERROR] WebSocket connection to 'ws://localhost:5199/' failed: Error in connection establishment: net::ERR_CONNECTION_REFUSED @ http://localhost:5199/@vite/client:1034
[  672884ms] [ERROR] WebSocket connection to 'ws://localhost:5199/' failed: Error in connection establishment: net::ERR_CONNECTION_REFUSED @ http://localhost:5199/@vite/client:1034
[  675524ms] [ERROR] WebSocket connection to 'ws://localhost:5199/' failed: Error in connection establishment: net::ERR_CONNECTION_REFUSED @ http://localhost:5199/@vite/client:1034
[  680110ms] [ERROR] WebSocket connection to 'ws://localhost:5199/' failed: Error in connection establishment: net::ERR_CONNECTION_REFUSED @ http://localhost:5199/@vite/client:1034
[  685849ms] [ERROR] WebSocket connection to 'ws://localhost:5199/' failed: Error in connection establishment: net::ERR_CONNECTION_REFUSED @ http://localhost:5199/@vite/client:1034
[  689534ms] [ERROR] WebSocket connection to 'ws://localhost:5199/' failed: Error in connection establishment: net::ERR_CONNECTION_REFUSED @ http://localhost:5199/@vite/client:1034
[  691699ms] [ERROR] WebSocket connection to 'ws://localhost:5199/' failed: Error in connection establishment: net::ERR_CONNECTION_REFUSED @ http://localhost:5199/@vite/client:1034
[  693993ms] [ERROR] WebSocket connection to 'ws://localhost:5199/' failed: Error in connection establishment: net::ERR_CONNECTION_REFUSED @ http://localhost:5199/@vite/client:1034
[  698390ms] [ERROR] WebSocket connection to 'ws://localhost:5199/' failed: Error in connection establishment: net::ERR_CONNECTION_REFUSED @ http://localhost:5199/@vite/client:1034
[  701443ms] [ERROR] WebSocket connection to 'ws://localhost:5199/' failed: Error in connection establishment: net::ERR_CONNECTION_REFUSED @ http://localhost:5199/@vite/client:1034
