[      71ms] [INFO] %cDownload the React DevTools for a better development experience: https://react.dev/link/react-devtools font-weight:bold @ http://localhost:5173/node_modules/.vite/deps/react-dom_client.js?v=cb5d6042:20102
[  416686ms] ReferenceError: Search is not defined
    at FilterBar (http://localhost:5173/src/components/FilterBar.tsx?t=1779278308461:48:30)
    at Object.react_stack_bottom_frame (http://localhost:5173/node_modules/.vite/deps/react-dom_client.js?v=cb5d6042:18509:20)
    at renderWithHooks (http://localhost:5173/node_modules/.vite/deps/react-dom_client.js?v=cb5d6042:5654:24)
    at updateFunctionComponent (http://localhost:5173/node_modules/.vite/deps/react-dom_client.js?v=cb5d6042:7475:21)
    at beginWork (http://localhost:5173/node_modules/.vite/deps/react-dom_client.js?v=cb5d6042:8525:20)
    at runWithFiberInDEV (http://localhost:5173/node_modules/.vite/deps/react-dom_client.js?v=cb5d6042:997:72)
    at performUnitOfWork (http://localhost:5173/node_modules/.vite/deps/react-dom_client.js?v=cb5d6042:12561:98)
    at workLoopSync (http://localhost:5173/node_modules/.vite/deps/react-dom_client.js?v=cb5d6042:12424:43)
    at renderRootSync (http://localhost:5173/node_modules/.vite/deps/react-dom_client.js?v=cb5d6042:12408:13)
    at performWorkOnRoot (http://localhost:5173/node_modules/.vite/deps/react-dom_client.js?v=cb5d6042:11827:37)
[  416686ms] [WARNING] %s

%s
 An error occurred in the <FilterBar> component. Consider adding an error boundary to your tree to customize error handling behavior.
Visit https://react.dev/link/error-boundaries to learn more about error boundaries. @ http://localhost:5173/node_modules/.vite/deps/react-dom_client.js?v=cb5d6042:6965
[ 3691065ms] [WARNING] No routes matched location "/read"  @ http://localhost:5173/node_modules/.vite/deps/react-router-dom.js?v=cb5d6042:648
[ 3691065ms] [WARNING] No routes matched location "/read"  @ http://localhost:5173/node_modules/.vite/deps/react-router-dom.js?v=cb5d6042:648
[ 3741832ms] [WARNING] No routes matched location "/library/shelves/reading"  @ http://localhost:5173/node_modules/.vite/deps/react-router-dom.js?v=cb5d6042:648
[ 3741832ms] [WARNING] No routes matched location "/library/shelves/reading"  @ http://localhost:5173/node_modules/.vite/deps/react-router-dom.js?v=cb5d6042:648
[ 4245238ms] [ERROR] Failed to load resource: the server responded with a status of 500 (Internal Server Error) @ http://localhost:5173/src/App.tsx?t=1779282137055:0
[ 4245238ms] [ERROR] [vite] Failed to reload /src/App.tsx. This could be due to syntax errors or importing non-existent modules. (see errors above) @ http://localhost:5173/@vite/client:881
[ 4535064ms] ReferenceError: useState is not defined
    at Nav (http://localhost:5173/src/components/Nav.tsx?t=1779282426850:26:43)
    at Object.react_stack_bottom_frame (http://localhost:5173/node_modules/.vite/deps/react-dom_client.js?v=cb5d6042:18509:20)
    at renderWithHooks (http://localhost:5173/node_modules/.vite/deps/react-dom_client.js?v=cb5d6042:5654:24)
    at updateFunctionComponent (http://localhost:5173/node_modules/.vite/deps/react-dom_client.js?v=cb5d6042:7475:21)
    at beginWork (http://localhost:5173/node_modules/.vite/deps/react-dom_client.js?v=cb5d6042:8525:20)
    at runWithFiberInDEV (http://localhost:5173/node_modules/.vite/deps/react-dom_client.js?v=cb5d6042:997:72)
    at performUnitOfWork (http://localhost:5173/node_modules/.vite/deps/react-dom_client.js?v=cb5d6042:12561:98)
    at workLoopSync (http://localhost:5173/node_modules/.vite/deps/react-dom_client.js?v=cb5d6042:12424:43)
    at renderRootSync (http://localhost:5173/node_modules/.vite/deps/react-dom_client.js?v=cb5d6042:12408:13)
    at performWorkOnRoot (http://localhost:5173/node_modules/.vite/deps/react-dom_client.js?v=cb5d6042:11827:37)
[ 4535063ms] [WARNING] %s

%s
 An error occurred in the <Nav> component. Consider adding an error boundary to your tree to customize error handling behavior.
Visit https://react.dev/link/error-boundaries to learn more about error boundaries. @ http://localhost:5173/node_modules/.vite/deps/react-dom_client.js?v=cb5d6042:6965
[ 4539854ms] ReferenceError: useState is not defined
    at Nav (http://localhost:5173/src/components/Nav.tsx?t=1779282431645:27:43)
    at Object.react_stack_bottom_frame (http://localhost:5173/node_modules/.vite/deps/react-dom_client.js?v=cb5d6042:18509:20)
    at renderWithHooks (http://localhost:5173/node_modules/.vite/deps/react-dom_client.js?v=cb5d6042:5654:24)
    at updateFunctionComponent (http://localhost:5173/node_modules/.vite/deps/react-dom_client.js?v=cb5d6042:7475:21)
    at beginWork (http://localhost:5173/node_modules/.vite/deps/react-dom_client.js?v=cb5d6042:8525:20)
    at runWithFiberInDEV (http://localhost:5173/node_modules/.vite/deps/react-dom_client.js?v=cb5d6042:997:72)
    at performUnitOfWork (http://localhost:5173/node_modules/.vite/deps/react-dom_client.js?v=cb5d6042:12561:98)
    at workLoopSync (http://localhost:5173/node_modules/.vite/deps/react-dom_client.js?v=cb5d6042:12424:43)
    at renderRootSync (http://localhost:5173/node_modules/.vite/deps/react-dom_client.js?v=cb5d6042:12408:13)
    at performWorkOnRoot (http://localhost:5173/node_modules/.vite/deps/react-dom_client.js?v=cb5d6042:11827:37)
[ 4539855ms] [WARNING] %s

%s
 An error occurred in the <Nav> component. Consider adding an error boundary to your tree to customize error handling behavior.
Visit https://react.dev/link/error-boundaries to learn more about error boundaries. @ http://localhost:5173/node_modules/.vite/deps/react-dom_client.js?v=cb5d6042:6965
[ 4544653ms] ReferenceError: Settings is not defined
    at Nav (http://localhost:5173/src/components/Nav.tsx?t=1779282436446:102:46)
    at Object.react_stack_bottom_frame (http://localhost:5173/node_modules/.vite/deps/react-dom_client.js?v=cb5d6042:18509:20)
    at renderWithHooks (http://localhost:5173/node_modules/.vite/deps/react-dom_client.js?v=cb5d6042:5654:24)
    at updateFunctionComponent (http://localhost:5173/node_modules/.vite/deps/react-dom_client.js?v=cb5d6042:7475:21)
    at beginWork (http://localhost:5173/node_modules/.vite/deps/react-dom_client.js?v=cb5d6042:8525:20)
    at runWithFiberInDEV (http://localhost:5173/node_modules/.vite/deps/react-dom_client.js?v=cb5d6042:997:72)
    at performUnitOfWork (http://localhost:5173/node_modules/.vite/deps/react-dom_client.js?v=cb5d6042:12561:98)
    at workLoopSync (http://localhost:5173/node_modules/.vite/deps/react-dom_client.js?v=cb5d6042:12424:43)
    at renderRootSync (http://localhost:5173/node_modules/.vite/deps/react-dom_client.js?v=cb5d6042:12408:13)
    at performWorkOnRoot (http://localhost:5173/node_modules/.vite/deps/react-dom_client.js?v=cb5d6042:11827:37)
[ 4544653ms] [WARNING] %s

%s
 An error occurred in the <Nav> component. Consider adding an error boundary to your tree to customize error handling behavior.
Visit https://react.dev/link/error-boundaries to learn more about error boundaries. @ http://localhost:5173/node_modules/.vite/deps/react-dom_client.js?v=cb5d6042:6965
[ 4551612ms] ReferenceError: Settings is not defined
    at Nav (http://localhost:5173/src/components/Nav.tsx?t=1779282443401:143:36)
    at Object.react_stack_bottom_frame (http://localhost:5173/node_modules/.vite/deps/react-dom_client.js?v=cb5d6042:18509:20)
    at renderWithHooks (http://localhost:5173/node_modules/.vite/deps/react-dom_client.js?v=cb5d6042:5654:24)
    at updateFunctionComponent (http://localhost:5173/node_modules/.vite/deps/react-dom_client.js?v=cb5d6042:7475:21)
    at beginWork (http://localhost:5173/node_modules/.vite/deps/react-dom_client.js?v=cb5d6042:8525:20)
    at runWithFiberInDEV (http://localhost:5173/node_modules/.vite/deps/react-dom_client.js?v=cb5d6042:997:72)
    at performUnitOfWork (http://localhost:5173/node_modules/.vite/deps/react-dom_client.js?v=cb5d6042:12561:98)
    at workLoopSync (http://localhost:5173/node_modules/.vite/deps/react-dom_client.js?v=cb5d6042:12424:43)
    at renderRootSync (http://localhost:5173/node_modules/.vite/deps/react-dom_client.js?v=cb5d6042:12408:13)
    at performWorkOnRoot (http://localhost:5173/node_modules/.vite/deps/react-dom_client.js?v=cb5d6042:11827:37)
[ 4551612ms] [WARNING] %s

%s
 An error occurred in the <Nav> component. Consider adding an error boundary to your tree to customize error handling behavior.
Visit https://react.dev/link/error-boundaries to learn more about error boundaries. @ http://localhost:5173/node_modules/.vite/deps/react-dom_client.js?v=cb5d6042:6965
[ 4647062ms] [WARNING] No routes matched location "/appearance"  @ http://localhost:5173/node_modules/.vite/deps/react-router-dom.js?v=cb5d6042:648
[ 4647062ms] [WARNING] No routes matched location "/appearance"  @ http://localhost:5173/node_modules/.vite/deps/react-router-dom.js?v=cb5d6042:648
[ 4888736ms] [ERROR] [vite] ReferenceError: Palette is not defined
    at http://localhost:5173/src/components/Nav.tsx?t=1779282780539:22:47 @ http://localhost:5173/@vite/client:881
[ 4888736ms] [ERROR] [vite] Failed to reload /src/components/Nav.tsx. This could be due to syntax errors or importing non-existent modules. (see errors above) @ http://localhost:5173/@vite/client:881
[ 4912532ms] [INFO] %cDownload the React DevTools for a better development experience: https://react.dev/link/react-devtools font-weight:bold @ http://localhost:5173/node_modules/.vite/deps/react-dom_client.js?v=cb5d6042:20102
